[2026-06-03 21:38:48] [INFO]: Admin::init() called.
[2026-06-03 21:38:58] [INFO]: Admin::init() called.
[2026-06-03 21:39:35] [INFO]: Admin::init() called.
[2026-06-03 21:39:45] [INFO]: Admin::init() called.
[2026-06-03 21:39:55] [INFO]: Admin::init() called.
[2026-06-03 21:41:56] [INFO]: Admin::init() called.
[2026-06-03 21:43:56] [INFO]: Admin::init() called.
[2026-06-03 21:45:56] [INFO]: Admin::init() called.
[2026-06-03 21:47:56] [INFO]: Admin::init() called.
[2026-06-03 21:49:56] [INFO]: Admin::init() called.
[2026-06-04 06:13:29] [INFO]: Admin::init() called.
[2026-06-04 06:15:29] [INFO]: Admin::init() called.
[2026-06-04 06:17:29] [INFO]: Admin::init() called.
[2026-06-04 06:19:29] [INFO]: Admin::init() called.
[2026-06-04 06:21:29] [INFO]: Admin::init() called.
[2026-06-04 06:23:29] [INFO]: Admin::init() called.
[2026-06-04 06:26:21] [INFO]: Admin::init() called.
[2026-06-04 06:26:31] [INFO]: Admin::init() called.
[2026-06-04 06:26:41] [INFO]: Admin::init() called.
[2026-06-04 06:28:42] [INFO]: Admin::init() called.
[2026-06-04 06:30:43] [INFO]: Admin::init() called.
[2026-06-04 06:32:44] [INFO]: Admin::init() called.
[2026-06-04 06:34:45] [INFO]: Admin::init() called.
[2026-06-04 06:36:46] [INFO]: Admin::init() called.
[2026-06-04 06:51:54] [INFO]: Admin::init() called.
[2026-06-04 06:53:55] [INFO]: Admin::init() called.
[2026-06-04 06:55:56] [INFO]: Admin::init() called.
[2026-06-04 06:57:57] [INFO]: Admin::init() called.
[2026-06-04 06:59:58] [INFO]: Admin::init() called.
[2026-06-04 07:01:59] [INFO]: Admin::init() called.
[2026-06-04 11:54:48] [INFO]: NOT BULK
[2026-06-04 11:55:07] [INFO]: NOT BULK
[2026-06-04 12:34:41] [INFO]: NOT BULK
[2026-06-04 12:34:41] [INFO]: IS BULK
[2026-06-04 12:35:10] [INFO]: NOT BULK
[2026-06-04 12:35:10] [INFO]: IS BULK
[2026-06-04 12:56:25] [INFO]: NOT BULK
[2026-06-04 12:56:25] [INFO]: IS BULK
[2026-06-04 13:08:47] [INFO]: NOT BULK
[2026-06-04 13:08:47] [INFO]: IS BULK
[2026-06-04 13:09:23] [INFO]: NOT BULK
[2026-06-04 13:09:23] [INFO]: IS BULK
[2026-06-04 13:25:31] [INFO]: NOT BULK
[2026-06-04 13:25:31] [INFO]: IS BULK
[2026-06-04 13:33:05] [INFO]: NOT BULK
[2026-06-04 13:33:05] [INFO]: IS BULK
[2026-06-04 14:08:45] [INFO]: NOT BULK
[2026-06-04 14:08:45] [INFO]: IS BULK
[2026-06-04 14:09:02] [INFO]: NOT BULK
[2026-06-04 14:09:02] [INFO]: IS BULK
[2026-06-04 14:09:50] [INFO]: NOT BULK
[2026-06-04 14:09:50] [INFO]: IS BULK
[2026-06-04 15:17:40] [INFO]: NOT BULK
[2026-06-04 15:17:40] [INFO]: IS BULK
[2026-06-04 15:28:38] [INFO]: NOT BULK
[2026-06-04 15:28:38] [INFO]: IS BULK
[2026-06-04 15:30:29] [INFO]: NOT BULK
[2026-06-04 15:30:29] [INFO]: IS BULK
[2026-06-04 15:31:31] [INFO]: NOT BULK
[2026-06-04 15:31:31] [INFO]: IS BULK
[2026-06-04 15:32:37] [INFO]: NOT BULK
[2026-06-04 15:32:37] [INFO]: IS BULK
[2026-06-04 15:36:48] [INFO]: NOT BULK
[2026-06-04 15:36:48] [INFO]: IS BULK
[2026-06-04 15:38:18] [INFO]: NOT BULK
[2026-06-04 15:38:18] [INFO]: IS BULK
[2026-06-04 15:43:12] [INFO]: NOT BULK
[2026-06-04 15:43:12] [INFO]: IS BULK
[2026-06-05 09:55:33] [INFO]: save_post
[2026-06-05 09:55:33] [INFO]: save_post
[2026-06-05 09:55:33] [INFO]: save_post
[2026-06-05 09:55:57] [INFO]: save_post
[2026-06-05 09:55:57] [INFO]: save_post
[2026-06-05 09:55:57] [INFO]: save_post
[2026-06-05 09:56:22] [INFO]: save_post
[2026-06-05 09:56:22] [INFO]: save_post
[2026-06-05 09:56:22] [INFO]: save_post
[2026-06-05 11:51:36] [INFO]: SAVE POST
[2026-06-05 12:23:39] [INFO]: SAVE POST
[2026-06-05 12:23:39] [INFO]: SAVE POST
[2026-06-05 12:23:40] [INFO]: SAVE POST
[2026-06-05 12:23:40] [INFO]: SAVE POST
[2026-06-05 12:23:40] [INFO]: SAVE POST
[2026-06-05 12:23:40] [INFO]: SAVE POST
[2026-06-05 12:23:40] [INFO]: SAVE POST
[2026-06-05 12:23:40] [INFO]: SAVE POST
[2026-06-05 12:23:58] [INFO]: SAVE POST
[2026-06-05 12:32:59] [INFO]: SAVE POST
[2026-06-05 12:33:43] [INFO]: SAVE POST
[2026-06-05 12:33:43] [INFO]: Meta key poeticsoft_heart_campus_access not found in REQUEST.
[2026-06-05 12:35:10] [INFO]: SAVE POST
[2026-06-05 12:36:12] [INFO]: SAVE POST
[2026-06-05 12:39:44] [INFO]: SAVE POST
[2026-06-05 12:41:10] [INFO]: SAVE POST
[2026-06-05 12:41:20] [INFO]: SAVE POST
[2026-06-05 12:45:50] [INFO]: SAVE POST
[2026-06-05 12:47:36] [INFO]: SAVE POST
[2026-06-05 12:47:49] [INFO]: SAVE POST
[2026-06-05 12:52:55] [INFO]: SAVE POST
[2026-06-05 12:53:44] [INFO]: SAVE POST
[2026-06-05 13:04:19] [INFO]: SAVE POST
[2026-06-05 13:08:35] [INFO]: SAVE POST
[2026-06-05 13:08:45] [INFO]: SAVE POST
[2026-06-05 13:33:02] [INFO]: SAVE POST
[2026-06-05 16:17:55] [INFO]: SAVE POST
[2026-06-05 16:40:31] [INFO]: SAVE POST
[2026-06-05 16:40:43] [INFO]: SAVE POST
[2026-06-05 16:41:22] [INFO]: SAVE POST
[2026-06-05 16:41:22] [INFO]: SAVE POST
[2026-06-05 16:41:22] [INFO]: SAVE POST
[2026-06-05 16:42:24] [INFO]: SAVE POST
[2026-06-05 16:42:31] [INFO]: SAVE POST
[2026-06-05 17:03:06] [INFO]: SAVE POST
[2026-06-05 17:16:16] [INFO]: SAVE POST
[2026-06-05 17:16:16] [INFO]: SAVE POST
[2026-06-05 17:16:16] [INFO]: SAVE POST
[2026-06-05 17:16:39] [INFO]: SAVE POST
[2026-06-05 17:16:44] [INFO]: SAVE POST
[2026-06-05 17:18:03] [INFO]: SAVE POST
[2026-06-05 17:18:16] [INFO]: SAVE POST
[2026-06-05 17:22:28] [INFO]: SAVE POST
[2026-06-05 17:26:31] [INFO]: SAVE POST
[2026-06-05 17:26:54] [INFO]: SAVE POST
[2026-06-05 17:26:54] [INFO]: SAVE POST
[2026-06-05 17:26:54] [INFO]: SAVE POST
[2026-06-05 17:26:54] [INFO]: SAVE POST
[2026-06-05 17:26:54] [INFO]: SAVE POST
[2026-06-05 17:26:54] [INFO]: SAVE POST
[2026-06-05 17:27:04] [INFO]: SAVE POST
[2026-06-05 17:30:04] [INFO]: SAVE POST
[2026-06-05 17:30:17] [INFO]: SAVE POST
[2026-06-05 17:30:17] [INFO]: Meta key poeticsoft_heart_campus_access not found in REQUEST.
[2026-06-05 17:30:39] [INFO]: SAVE POST
[2026-06-05 17:30:39] [INFO]: Meta key poeticsoft_heart_campus_access not found in REQUEST.
[2026-06-05 17:30:39] [INFO]: SAVE POST
[2026-06-05 17:31:14] [INFO]: SAVE POST
[2026-06-05 17:31:14] [INFO]: SAVE POST
[2026-06-05 17:31:49] [INFO]: SAVE POST
[2026-06-05 17:32:00] [INFO]: SAVE POST
[2026-06-05 17:32:10] [INFO]: SAVE POST
[2026-06-05 17:32:10] [INFO]: Meta key poeticsoft_heart_campus_access not found in REQUEST.
[2026-06-05 19:49:58] [INFO]: poeticsoft-heart-campus-api-front
[2026-06-05 21:22:51] [INFO]: {
    "methods": "GET",
    "callback": "access_get",
    "auth": "admin"
}
[2026-06-05 21:22:51] [INFO]: {
    "methods": "GET",
    "callback": "access_get_pageid",
    "auth": "admin"
}
[2026-06-05 21:22:51] [INFO]: {
    "methods": "POST",
    "callback": "access_update",
    "auth": "admin"
}
[2026-06-05 21:22:51] [INFO]: {
    "methods": "POST",
    "callback": "access",
    "auth": "public"
}
[2026-06-05 21:22:51] [INFO]: {
    "methods": "POST",
    "callback": "identify_subscriber_identify",
    "auth": "user"
}
[2026-06-05 21:22:51] [INFO]: {
    "methods": "POST",
    "callback": "identify_subscriber_confirmcode",
    "auth": "user"
}
[2026-06-05 21:22:57] [INFO]: {
    "methods": "GET",
    "callback": "access_get",
    "auth": "admin"
}
[2026-06-05 21:22:57] [INFO]: {
    "methods": "GET",
    "callback": "access_get_pageid",
    "auth": "admin"
}
[2026-06-05 21:22:57] [INFO]: {
    "methods": "POST",
    "callback": "access_update",
    "auth": "admin"
}
[2026-06-05 21:22:57] [INFO]: {
    "methods": "POST",
    "callback": "access",
    "auth": "public"
}
[2026-06-05 21:22:57] [INFO]: {
    "methods": "POST",
    "callback": "identify_subscriber_identify",
    "auth": "user"
}
[2026-06-05 21:22:57] [INFO]: {
    "methods": "POST",
    "callback": "identify_subscriber_confirmcode",
    "auth": "user"
}
[2026-06-05 21:23:22] [INFO]: {
    "methods": "GET",
    "callback": "access_get",
    "auth": "admin"
}
[2026-06-05 21:23:22] [INFO]: {
    "methods": "GET",
    "callback": "access_get_pageid",
    "auth": "admin"
}
[2026-06-05 21:23:22] [INFO]: {
    "methods": "POST",
    "callback": "access_update",
    "auth": "admin"
}
[2026-06-05 21:23:22] [INFO]: {
    "methods": "POST",
    "callback": "access",
    "auth": "public"
}
[2026-06-05 21:23:22] [INFO]: {
    "methods": "POST",
    "callback": "identify_subscriber_identify",
    "auth": "user"
}
[2026-06-05 21:23:22] [INFO]: {
    "methods": "POST",
    "callback": "identify_subscriber_confirmcode",
    "auth": "user"
}
[2026-06-05 21:23:47] [INFO]: /page/access/get
[2026-06-05 21:23:47] [INFO]: /page/access/get/(?P<pageid>\d+)
[2026-06-05 21:23:47] [INFO]: /page/access/update
[2026-06-05 21:23:47] [INFO]: /access
[2026-06-05 21:23:47] [INFO]: /identify/subscriber/identify
[2026-06-05 21:23:47] [INFO]: /identify/subscriber/confirmcode
[2026-06-05 21:24:56] [INFO]: poeticsoft/heart/campus/v1/page/access/get
[2026-06-05 21:24:56] [INFO]: poeticsoft/heart/campus/v1/page/access/get/(?P<pageid>\d+)
[2026-06-05 21:24:56] [INFO]: poeticsoft/heart/campus/v1/page/access/update
[2026-06-05 21:24:56] [INFO]: poeticsoft/heart/campus/v1/access
[2026-06-05 21:24:56] [INFO]: poeticsoft/heart/campus/v1/identify/subscriber/identify
[2026-06-05 21:24:56] [INFO]: poeticsoft/heart/campus/v1/identify/subscriber/confirmcode
[2026-06-05 21:25:15] [INFO]: poeticsoft/heart/campus/v1/page/access/get
[2026-06-05 21:25:15] [INFO]: poeticsoft/heart/campus/v1/page/access/get/(?P<pageid>\d+)
[2026-06-05 21:25:15] [INFO]: poeticsoft/heart/campus/v1/page/access/update
[2026-06-05 21:25:15] [INFO]: poeticsoft/heart/campus/v1/access
[2026-06-05 21:25:15] [INFO]: poeticsoft/heart/campus/v1/identify/subscriber/identify
[2026-06-05 21:25:15] [INFO]: poeticsoft/heart/campus/v1/identify/subscriber/confirmcode
[2026-06-05 21:25:30] [INFO]: poeticsoft/heart/campus/v1/page/access/get
[2026-06-05 21:25:30] [INFO]: poeticsoft/heart/campus/v1/page/access/get/(?P<pageid>\d+)
[2026-06-05 21:25:30] [INFO]: poeticsoft/heart/campus/v1/page/access/update
[2026-06-05 21:25:30] [INFO]: poeticsoft/heart/campus/v1/access
[2026-06-05 21:25:30] [INFO]: poeticsoft/heart/campus/v1/identify/subscriber/identify
[2026-06-05 21:25:30] [INFO]: poeticsoft/heart/campus/v1/identify/subscriber/confirmcode
[2026-06-05 21:25:36] [INFO]: poeticsoft/heart/campus/v1/page/access/get
[2026-06-05 21:25:36] [INFO]: poeticsoft/heart/campus/v1/page/access/get/(?P<pageid>\d+)
[2026-06-05 21:25:36] [INFO]: poeticsoft/heart/campus/v1/page/access/update
[2026-06-05 21:25:36] [INFO]: poeticsoft/heart/campus/v1/access
[2026-06-05 21:25:36] [INFO]: poeticsoft/heart/campus/v1/identify/subscriber/identify
[2026-06-05 21:25:36] [INFO]: poeticsoft/heart/campus/v1/identify/subscriber/confirmcode
[2026-06-05 21:25:51] [INFO]: poeticsoft/heart/campus/v1/page/access/get
[2026-06-05 21:25:51] [INFO]: poeticsoft/heart/campus/v1/page/access/get/(?P<pageid>\d+)
[2026-06-05 21:25:51] [INFO]: poeticsoft/heart/campus/v1/page/access/update
[2026-06-05 21:25:51] [INFO]: poeticsoft/heart/campus/v1/access
[2026-06-05 21:25:51] [INFO]: poeticsoft/heart/campus/v1/identify/subscriber/identify
[2026-06-05 21:25:51] [INFO]: poeticsoft/heart/campus/v1/identify/subscriber/confirmcode
[2026-06-05 21:26:45] [INFO]: poeticsoft/heart/campus/v1/page/access/get
[2026-06-05 21:26:45] [INFO]: poeticsoft/heart/campus/v1/page/access/get/(?P<pageid>\d+)
[2026-06-05 21:26:45] [INFO]: poeticsoft/heart/campus/v1/page/access/update
[2026-06-05 21:26:45] [INFO]: poeticsoft/heart/campus/v1/access
[2026-06-05 21:26:45] [INFO]: poeticsoft/heart/campus/v1/identify/subscriber/identify
[2026-06-05 21:26:45] [INFO]: poeticsoft/heart/campus/v1/identify/subscriber/confirmcode
[2026-06-05 21:26:46] [INFO]: poeticsoft/heart/campus/v1/page/access/get
[2026-06-05 21:26:46] [INFO]: poeticsoft/heart/campus/v1/page/access/get/(?P<pageid>\d+)
[2026-06-05 21:26:46] [INFO]: poeticsoft/heart/campus/v1/page/access/update
[2026-06-05 21:26:46] [INFO]: poeticsoft/heart/campus/v1/access
[2026-06-05 21:26:46] [INFO]: poeticsoft/heart/campus/v1/identify/subscriber/identify
[2026-06-05 21:26:46] [INFO]: poeticsoft/heart/campus/v1/identify/subscriber/confirmcode
[2026-06-05 21:26:48] [INFO]: poeticsoft/heart/campus/v1/page/access/get
[2026-06-05 21:26:48] [INFO]: poeticsoft/heart/campus/v1/page/access/get/(?P<pageid>\d+)
[2026-06-05 21:26:48] [INFO]: poeticsoft/heart/campus/v1/page/access/update
[2026-06-05 21:26:48] [INFO]: poeticsoft/heart/campus/v1/access
[2026-06-05 21:26:48] [INFO]: poeticsoft/heart/campus/v1/identify/subscriber/identify
[2026-06-05 21:26:48] [INFO]: poeticsoft/heart/campus/v1/identify/subscriber/confirmcode
[2026-06-05 21:27:16] [INFO]: poeticsoft/heart/campus/v1/page/access/get
[2026-06-05 21:27:16] [INFO]: poeticsoft/heart/campus/v1/page/access/get/(?P<pageid>\d+)
[2026-06-05 21:27:16] [INFO]: poeticsoft/heart/campus/v1/page/access/update
[2026-06-05 21:27:16] [INFO]: poeticsoft/heart/campus/v1/access
[2026-06-05 21:27:16] [INFO]: poeticsoft/heart/campus/v1/identify/subscriber/identify
[2026-06-05 21:27:16] [INFO]: poeticsoft/heart/campus/v1/identify/subscriber/confirmcode
[2026-06-05 21:27:27] [INFO]: poeticsoft/heart/campus/v1/page/access/get
[2026-06-05 21:27:27] [INFO]: poeticsoft/heart/campus/v1/page/access/get/(?P<pageid>\d+)
[2026-06-05 21:27:27] [INFO]: poeticsoft/heart/campus/v1/page/access/update
[2026-06-05 21:27:27] [INFO]: poeticsoft/heart/campus/v1/access
[2026-06-05 21:27:27] [INFO]: poeticsoft/heart/campus/v1/identify/subscriber/identify
[2026-06-05 21:27:27] [INFO]: poeticsoft/heart/campus/v1/identify/subscriber/confirmcode
[2026-06-05 21:27:27] [INFO]: poeticsoft/heart/campus/v1/page/access/get
[2026-06-05 21:27:27] [INFO]: poeticsoft/heart/campus/v1/page/access/get/(?P<pageid>\d+)
[2026-06-05 21:27:27] [INFO]: poeticsoft/heart/campus/v1/page/access/update
[2026-06-05 21:27:27] [INFO]: poeticsoft/heart/campus/v1/access
[2026-06-05 21:27:27] [INFO]: poeticsoft/heart/campus/v1/identify/subscriber/identify
[2026-06-05 21:27:27] [INFO]: poeticsoft/heart/campus/v1/identify/subscriber/confirmcode
[2026-06-05 21:27:29] [INFO]: poeticsoft/heart/campus/v1/page/access/get
[2026-06-05 21:27:29] [INFO]: poeticsoft/heart/campus/v1/page/access/get/(?P<pageid>\d+)
[2026-06-05 21:27:29] [INFO]: poeticsoft/heart/campus/v1/page/access/update
[2026-06-05 21:27:29] [INFO]: poeticsoft/heart/campus/v1/access
[2026-06-05 21:27:29] [INFO]: poeticsoft/heart/campus/v1/identify/subscriber/identify
[2026-06-05 21:27:29] [INFO]: poeticsoft/heart/campus/v1/identify/subscriber/confirmcode
[2026-06-05 21:27:57] [INFO]: poeticsoft/heart/campus/v1/page/access/get
[2026-06-05 21:27:57] [INFO]: poeticsoft/heart/campus/v1/page/access/get/(?P<pageid>\d+)
[2026-06-05 21:27:57] [INFO]: poeticsoft/heart/campus/v1/page/access/update
[2026-06-05 21:27:57] [INFO]: poeticsoft/heart/campus/v1/access
[2026-06-05 21:27:57] [INFO]: poeticsoft/heart/campus/v1/identify/subscriber/identify
[2026-06-05 21:27:57] [INFO]: poeticsoft/heart/campus/v1/identify/subscriber/confirmcode
[2026-06-05 21:28:27] [INFO]: poeticsoft/heart/campus/v1/page/access/get
[2026-06-05 21:28:27] [INFO]: poeticsoft/heart/campus/v1/page/access/get/(?P<pageid>\d+)
[2026-06-05 21:28:27] [INFO]: poeticsoft/heart/campus/v1/page/access/update
[2026-06-05 21:28:27] [INFO]: poeticsoft/heart/campus/v1/access
[2026-06-05 21:28:27] [INFO]: poeticsoft/heart/campus/v1/identify/subscriber/identify
[2026-06-05 21:28:27] [INFO]: poeticsoft/heart/campus/v1/identify/subscriber/confirmcode
[2026-06-05 21:28:57] [INFO]: poeticsoft/heart/campus/v1/page/access/get
[2026-06-05 21:28:57] [INFO]: poeticsoft/heart/campus/v1/page/access/get/(?P<pageid>\d+)
[2026-06-05 21:28:57] [INFO]: poeticsoft/heart/campus/v1/page/access/update
[2026-06-05 21:28:57] [INFO]: poeticsoft/heart/campus/v1/access
[2026-06-05 21:28:57] [INFO]: poeticsoft/heart/campus/v1/identify/subscriber/identify
[2026-06-05 21:28:57] [INFO]: poeticsoft/heart/campus/v1/identify/subscriber/confirmcode
[2026-06-05 21:29:27] [INFO]: poeticsoft/heart/campus/v1/page/access/get
[2026-06-05 21:29:27] [INFO]: poeticsoft/heart/campus/v1/page/access/get/(?P<pageid>\d+)
[2026-06-05 21:29:27] [INFO]: poeticsoft/heart/campus/v1/page/access/update
[2026-06-05 21:29:27] [INFO]: poeticsoft/heart/campus/v1/access
[2026-06-05 21:29:27] [INFO]: poeticsoft/heart/campus/v1/identify/subscriber/identify
[2026-06-05 21:29:27] [INFO]: poeticsoft/heart/campus/v1/identify/subscriber/confirmcode
[2026-06-05 21:29:57] [INFO]: poeticsoft/heart/campus/v1/page/access/get
[2026-06-05 21:29:57] [INFO]: poeticsoft/heart/campus/v1/page/access/get/(?P<pageid>\d+)
[2026-06-05 21:29:57] [INFO]: poeticsoft/heart/campus/v1/page/access/update
[2026-06-05 21:29:57] [INFO]: poeticsoft/heart/campus/v1/access
[2026-06-05 21:29:57] [INFO]: poeticsoft/heart/campus/v1/identify/subscriber/identify
[2026-06-05 21:29:57] [INFO]: poeticsoft/heart/campus/v1/identify/subscriber/confirmcode
[2026-06-05 21:30:27] [INFO]: poeticsoft/heart/campus/v1/page/access/get
[2026-06-05 21:30:27] [INFO]: poeticsoft/heart/campus/v1/page/access/get/(?P<pageid>\d+)
[2026-06-05 21:30:27] [INFO]: poeticsoft/heart/campus/v1/page/access/update
[2026-06-05 21:30:27] [INFO]: poeticsoft/heart/campus/v1/access
[2026-06-05 21:30:27] [INFO]: poeticsoft/heart/campus/v1/identify/subscriber/identify
[2026-06-05 21:30:27] [INFO]: poeticsoft/heart/campus/v1/identify/subscriber/confirmcode
[2026-06-05 21:30:57] [INFO]: poeticsoft/heart/campus/v1/page/access/get
[2026-06-05 21:30:57] [INFO]: poeticsoft/heart/campus/v1/page/access/get/(?P<pageid>\d+)
[2026-06-05 21:30:57] [INFO]: poeticsoft/heart/campus/v1/page/access/update
[2026-06-05 21:30:57] [INFO]: poeticsoft/heart/campus/v1/access
[2026-06-05 21:30:57] [INFO]: poeticsoft/heart/campus/v1/identify/subscriber/identify
[2026-06-05 21:30:57] [INFO]: poeticsoft/heart/campus/v1/identify/subscriber/confirmcode
[2026-06-05 21:31:18] [INFO]: poeticsoft/heart/campus/v1/page/access/get
[2026-06-05 21:31:18] [INFO]: poeticsoft/heart/campus/v1/page/access/get/(?P<pageid>\d+)
[2026-06-05 21:31:18] [INFO]: poeticsoft/heart/campus/v1/page/access/update
[2026-06-05 21:31:18] [INFO]: poeticsoft/heart/campus/v1/access
[2026-06-05 21:31:18] [INFO]: poeticsoft/heart/campus/v1/identify/subscriber/identify
[2026-06-05 21:31:18] [INFO]: poeticsoft/heart/campus/v1/identify/subscriber/confirmcode
[2026-06-05 21:31:19] [INFO]: poeticsoft/heart/campus/v1/page/access/get
[2026-06-05 21:31:19] [INFO]: poeticsoft/heart/campus/v1/page/access/get/(?P<pageid>\d+)
[2026-06-05 21:31:19] [INFO]: poeticsoft/heart/campus/v1/page/access/update
[2026-06-05 21:31:19] [INFO]: poeticsoft/heart/campus/v1/access
[2026-06-05 21:31:19] [INFO]: poeticsoft/heart/campus/v1/identify/subscriber/identify
[2026-06-05 21:31:19] [INFO]: poeticsoft/heart/campus/v1/identify/subscriber/confirmcode
[2026-06-05 21:31:21] [INFO]: poeticsoft/heart/campus/v1/page/access/get
[2026-06-05 21:31:21] [INFO]: poeticsoft/heart/campus/v1/page/access/get/(?P<pageid>\d+)
[2026-06-05 21:31:21] [INFO]: poeticsoft/heart/campus/v1/page/access/update
[2026-06-05 21:31:21] [INFO]: poeticsoft/heart/campus/v1/access
[2026-06-05 21:31:21] [INFO]: poeticsoft/heart/campus/v1/identify/subscriber/identify
[2026-06-05 21:31:21] [INFO]: poeticsoft/heart/campus/v1/identify/subscriber/confirmcode
[2026-06-05 21:31:49] [INFO]: poeticsoft/heart/campus/v1/page/access/get
[2026-06-05 21:31:49] [INFO]: poeticsoft/heart/campus/v1/page/access/get/(?P<pageid>\d+)
[2026-06-05 21:31:49] [INFO]: poeticsoft/heart/campus/v1/page/access/update
[2026-06-05 21:31:49] [INFO]: poeticsoft/heart/campus/v1/access
[2026-06-05 21:31:49] [INFO]: poeticsoft/heart/campus/v1/identify/subscriber/identify
[2026-06-05 21:31:49] [INFO]: poeticsoft/heart/campus/v1/identify/subscriber/confirmcode
[2026-06-05 21:32:19] [INFO]: poeticsoft/heart/campus/v1/page/access/get
[2026-06-05 21:32:19] [INFO]: poeticsoft/heart/campus/v1/page/access/get/(?P<pageid>\d+)
[2026-06-05 21:32:19] [INFO]: poeticsoft/heart/campus/v1/page/access/update
[2026-06-05 21:32:19] [INFO]: poeticsoft/heart/campus/v1/access
[2026-06-05 21:32:19] [INFO]: poeticsoft/heart/campus/v1/identify/subscriber/identify
[2026-06-05 21:32:19] [INFO]: poeticsoft/heart/campus/v1/identify/subscriber/confirmcode
[2026-06-05 21:32:49] [INFO]: poeticsoft/heart/campus/v1/page/access/get
[2026-06-05 21:32:49] [INFO]: poeticsoft/heart/campus/v1/page/access/get/(?P<pageid>\d+)
[2026-06-05 21:32:49] [INFO]: poeticsoft/heart/campus/v1/page/access/update
[2026-06-05 21:32:49] [INFO]: poeticsoft/heart/campus/v1/access
[2026-06-05 21:32:49] [INFO]: poeticsoft/heart/campus/v1/identify/subscriber/identify
[2026-06-05 21:32:49] [INFO]: poeticsoft/heart/campus/v1/identify/subscriber/confirmcode
[2026-06-05 21:33:02] [INFO]: poeticsoft/heart/campus/v1/page/access/get
[2026-06-05 21:33:02] [INFO]: poeticsoft/heart/campus/v1/page/access/get/(?P<pageid>\d+)
[2026-06-05 21:33:02] [INFO]: poeticsoft/heart/campus/v1/page/access/update
[2026-06-05 21:33:02] [INFO]: poeticsoft/heart/campus/v1/access
[2026-06-05 21:33:02] [INFO]: poeticsoft/heart/campus/v1/identify/subscriber/identify
[2026-06-05 21:33:02] [INFO]: poeticsoft/heart/campus/v1/identify/subscriber/confirmcode
[2026-06-05 21:33:03] [INFO]: poeticsoft/heart/campus/v1/page/access/get
[2026-06-05 21:33:03] [INFO]: poeticsoft/heart/campus/v1/page/access/get/(?P<pageid>\d+)
[2026-06-05 21:33:03] [INFO]: poeticsoft/heart/campus/v1/page/access/update
[2026-06-05 21:33:03] [INFO]: poeticsoft/heart/campus/v1/access
[2026-06-05 21:33:03] [INFO]: poeticsoft/heart/campus/v1/identify/subscriber/identify
[2026-06-05 21:33:03] [INFO]: poeticsoft/heart/campus/v1/identify/subscriber/confirmcode
[2026-06-05 21:33:06] [INFO]: poeticsoft/heart/campus/v1/page/access/get
[2026-06-05 21:33:06] [INFO]: poeticsoft/heart/campus/v1/page/access/get/(?P<pageid>\d+)
[2026-06-05 21:33:06] [INFO]: poeticsoft/heart/campus/v1/page/access/update
[2026-06-05 21:33:06] [INFO]: poeticsoft/heart/campus/v1/access
[2026-06-05 21:33:06] [INFO]: poeticsoft/heart/campus/v1/identify/subscriber/identify
[2026-06-05 21:33:06] [INFO]: poeticsoft/heart/campus/v1/identify/subscriber/confirmcode
[2026-06-05 21:33:33] [INFO]: poeticsoft/heart/campus/v1/page/access/get
[2026-06-05 21:33:33] [INFO]: poeticsoft/heart/campus/v1/page/access/get/(?P<pageid>\d+)
[2026-06-05 21:33:33] [INFO]: poeticsoft/heart/campus/v1/page/access/update
[2026-06-05 21:33:33] [INFO]: poeticsoft/heart/campus/v1/access
[2026-06-05 21:33:33] [INFO]: poeticsoft/heart/campus/v1/identify/subscriber/identify
[2026-06-05 21:33:33] [INFO]: poeticsoft/heart/campus/v1/identify/subscriber/confirmcode
[2026-06-05 21:33:57] [INFO]: poeticsoft/heart/campus/v1/page/access/get
[2026-06-05 21:33:57] [INFO]: poeticsoft/heart/campus/v1/page/access/get/(?P<pageid>\d+)
[2026-06-05 21:33:57] [INFO]: poeticsoft/heart/campus/v1/page/access/update
[2026-06-05 21:33:57] [INFO]: poeticsoft/heart/campus/v1/access
[2026-06-05 21:33:57] [INFO]: poeticsoft/heart/campus/v1/identify/subscriber/identify
[2026-06-05 21:33:57] [INFO]: poeticsoft/heart/campus/v1/identify/subscriber/confirmcode
[2026-06-05 21:33:58] [INFO]: poeticsoft/heart/campus/v1/page/access/get
[2026-06-05 21:33:58] [INFO]: poeticsoft/heart/campus/v1/page/access/get/(?P<pageid>\d+)
[2026-06-05 21:33:58] [INFO]: poeticsoft/heart/campus/v1/page/access/update
[2026-06-05 21:33:58] [INFO]: poeticsoft/heart/campus/v1/access
[2026-06-05 21:33:58] [INFO]: poeticsoft/heart/campus/v1/identify/subscriber/identify
[2026-06-05 21:33:58] [INFO]: poeticsoft/heart/campus/v1/identify/subscriber/confirmcode
[2026-06-05 21:34:00] [INFO]: poeticsoft/heart/campus/v1/page/access/get
[2026-06-05 21:34:00] [INFO]: poeticsoft/heart/campus/v1/page/access/get/(?P<pageid>\d+)
[2026-06-05 21:34:00] [INFO]: poeticsoft/heart/campus/v1/page/access/update
[2026-06-05 21:34:00] [INFO]: poeticsoft/heart/campus/v1/access
[2026-06-05 21:34:00] [INFO]: poeticsoft/heart/campus/v1/identify/subscriber/identify
[2026-06-05 21:34:00] [INFO]: poeticsoft/heart/campus/v1/identify/subscriber/confirmcode
[2026-06-05 21:34:28] [INFO]: poeticsoft/heart/campus/v1/page/access/get
[2026-06-05 21:34:28] [INFO]: poeticsoft/heart/campus/v1/page/access/get/(?P<pageid>\d+)
[2026-06-05 21:34:28] [INFO]: poeticsoft/heart/campus/v1/page/access/update
[2026-06-05 21:34:28] [INFO]: poeticsoft/heart/campus/v1/access
[2026-06-05 21:34:28] [INFO]: poeticsoft/heart/campus/v1/identify/subscriber/identify
[2026-06-05 21:34:28] [INFO]: poeticsoft/heart/campus/v1/identify/subscriber/confirmcode
[2026-06-05 21:34:58] [INFO]: poeticsoft/heart/campus/v1/page/access/get
[2026-06-05 21:34:58] [INFO]: poeticsoft/heart/campus/v1/page/access/get/(?P<pageid>\d+)
[2026-06-05 21:34:58] [INFO]: poeticsoft/heart/campus/v1/page/access/update
[2026-06-05 21:34:58] [INFO]: poeticsoft/heart/campus/v1/access
[2026-06-05 21:34:58] [INFO]: poeticsoft/heart/campus/v1/identify/subscriber/identify
[2026-06-05 21:34:58] [INFO]: poeticsoft/heart/campus/v1/identify/subscriber/confirmcode
[2026-06-05 21:35:19] [INFO]: poeticsoft/heart/campus/v1/page/access/get
[2026-06-05 21:35:19] [INFO]: poeticsoft/heart/campus/v1/page/access/get/(?P<pageid>\d+)
[2026-06-05 21:35:19] [INFO]: poeticsoft/heart/campus/v1/page/access/update
[2026-06-05 21:35:19] [INFO]: poeticsoft/heart/campus/v1/access
[2026-06-05 21:35:19] [INFO]: poeticsoft/heart/campus/v1/identify/subscriber/identify
[2026-06-05 21:35:19] [INFO]: poeticsoft/heart/campus/v1/identify/subscriber/confirmcode
[2026-06-05 21:35:19] [INFO]: poeticsoft/heart/campus/v1/page/access/get
[2026-06-05 21:35:19] [INFO]: poeticsoft/heart/campus/v1/page/access/get/(?P<pageid>\d+)
[2026-06-05 21:35:19] [INFO]: poeticsoft/heart/campus/v1/page/access/update
[2026-06-05 21:35:19] [INFO]: poeticsoft/heart/campus/v1/access
[2026-06-05 21:35:19] [INFO]: poeticsoft/heart/campus/v1/identify/subscriber/identify
[2026-06-05 21:35:19] [INFO]: poeticsoft/heart/campus/v1/identify/subscriber/confirmcode
[2026-06-05 21:35:21] [INFO]: poeticsoft/heart/campus/v1/page/access/get
[2026-06-05 21:35:21] [INFO]: poeticsoft/heart/campus/v1/page/access/get/(?P<pageid>\d+)
[2026-06-05 21:35:21] [INFO]: poeticsoft/heart/campus/v1/page/access/update
[2026-06-05 21:35:21] [INFO]: poeticsoft/heart/campus/v1/access
[2026-06-05 21:35:21] [INFO]: poeticsoft/heart/campus/v1/identify/subscriber/identify
[2026-06-05 21:35:21] [INFO]: poeticsoft/heart/campus/v1/identify/subscriber/confirmcode
[2026-06-05 21:35:49] [INFO]: poeticsoft/heart/campus/v1/page/access/get
[2026-06-05 21:35:49] [INFO]: poeticsoft/heart/campus/v1/page/access/get/(?P<pageid>\d+)
[2026-06-05 21:35:49] [INFO]: poeticsoft/heart/campus/v1/page/access/update
[2026-06-05 21:35:49] [INFO]: poeticsoft/heart/campus/v1/access
[2026-06-05 21:35:49] [INFO]: poeticsoft/heart/campus/v1/identify/subscriber/identify
[2026-06-05 21:35:49] [INFO]: poeticsoft/heart/campus/v1/identify/subscriber/confirmcode
[2026-06-05 21:36:19] [INFO]: poeticsoft/heart/campus/v1/page/access/get
[2026-06-05 21:36:19] [INFO]: poeticsoft/heart/campus/v1/page/access/get/(?P<pageid>\d+)
[2026-06-05 21:36:19] [INFO]: poeticsoft/heart/campus/v1/page/access/update
[2026-06-05 21:36:19] [INFO]: poeticsoft/heart/campus/v1/access
[2026-06-05 21:36:19] [INFO]: poeticsoft/heart/campus/v1/identify/subscriber/identify
[2026-06-05 21:36:19] [INFO]: poeticsoft/heart/campus/v1/identify/subscriber/confirmcode
[2026-06-05 21:36:49] [INFO]: poeticsoft/heart/campus/v1/page/access/get
[2026-06-05 21:36:49] [INFO]: poeticsoft/heart/campus/v1/page/access/get/(?P<pageid>\d+)
[2026-06-05 21:36:49] [INFO]: poeticsoft/heart/campus/v1/page/access/update
[2026-06-05 21:36:49] [INFO]: poeticsoft/heart/campus/v1/access
[2026-06-05 21:36:49] [INFO]: poeticsoft/heart/campus/v1/identify/subscriber/identify
[2026-06-05 21:36:49] [INFO]: poeticsoft/heart/campus/v1/identify/subscriber/confirmcode
[2026-06-05 21:37:19] [INFO]: poeticsoft/heart/campus/v1/page/access/get
[2026-06-05 21:37:19] [INFO]: poeticsoft/heart/campus/v1/page/access/get/(?P<pageid>\d+)
[2026-06-05 21:37:19] [INFO]: poeticsoft/heart/campus/v1/page/access/update
[2026-06-05 21:37:19] [INFO]: poeticsoft/heart/campus/v1/access
[2026-06-05 21:37:19] [INFO]: poeticsoft/heart/campus/v1/identify/subscriber/identify
[2026-06-05 21:37:19] [INFO]: poeticsoft/heart/campus/v1/identify/subscriber/confirmcode
[2026-06-05 21:37:41] [INFO]: poeticsoft/heart/campus/v1/page/access/get
[2026-06-05 21:37:41] [INFO]: poeticsoft/heart/campus/v1/page/access/get/(?P<pageid>\d+)
[2026-06-05 21:37:41] [INFO]: poeticsoft/heart/campus/v1/page/access/update
[2026-06-05 21:37:41] [INFO]: poeticsoft/heart/campus/v1/access
[2026-06-05 21:37:41] [INFO]: poeticsoft/heart/campus/v1/identify/subscriber/identify
[2026-06-05 21:37:41] [INFO]: poeticsoft/heart/campus/v1/identify/subscriber/confirmcode
[2026-06-05 21:37:41] [INFO]: poeticsoft/heart/campus/v1/page/access/get
[2026-06-05 21:37:41] [INFO]: poeticsoft/heart/campus/v1/page/access/get/(?P<pageid>\d+)
[2026-06-05 21:37:41] [INFO]: poeticsoft/heart/campus/v1/page/access/update
[2026-06-05 21:37:41] [INFO]: poeticsoft/heart/campus/v1/access
[2026-06-05 21:37:41] [INFO]: poeticsoft/heart/campus/v1/identify/subscriber/identify
[2026-06-05 21:37:41] [INFO]: poeticsoft/heart/campus/v1/identify/subscriber/confirmcode
[2026-06-05 21:37:45] [INFO]: poeticsoft/heart/campus/v1/page/access/get
[2026-06-05 21:37:45] [INFO]: poeticsoft/heart/campus/v1/page/access/get/(?P<pageid>\d+)
[2026-06-05 21:37:45] [INFO]: poeticsoft/heart/campus/v1/page/access/update
[2026-06-05 21:37:45] [INFO]: poeticsoft/heart/campus/v1/access
[2026-06-05 21:37:45] [INFO]: poeticsoft/heart/campus/v1/identify/subscriber/identify
[2026-06-05 21:37:45] [INFO]: poeticsoft/heart/campus/v1/identify/subscriber/confirmcode
[2026-06-05 21:38:11] [INFO]: poeticsoft/heart/campus/v1/page/access/get
[2026-06-05 21:38:11] [INFO]: poeticsoft/heart/campus/v1/page/access/get/(?P<pageid>\d+)
[2026-06-05 21:38:11] [INFO]: poeticsoft/heart/campus/v1/page/access/update
[2026-06-05 21:38:11] [INFO]: poeticsoft/heart/campus/v1/access
[2026-06-05 21:38:11] [INFO]: poeticsoft/heart/campus/v1/identify/subscriber/identify
[2026-06-05 21:38:11] [INFO]: poeticsoft/heart/campus/v1/identify/subscriber/confirmcode
[2026-06-05 21:38:26] [INFO]: poeticsoft/heart/campus/v1/page/access/get
[2026-06-05 21:38:26] [INFO]: poeticsoft/heart/campus/v1/page/access/get/(?P<pageid>\d+)
[2026-06-05 21:38:26] [INFO]: poeticsoft/heart/campus/v1/page/access/update
[2026-06-05 21:38:26] [INFO]: poeticsoft/heart/campus/v1/access
[2026-06-05 21:38:26] [INFO]: poeticsoft/heart/campus/v1/identify/subscriber/identify
[2026-06-05 21:38:26] [INFO]: poeticsoft/heart/campus/v1/identify/subscriber/confirmcode
[2026-06-05 21:38:26] [INFO]: poeticsoft/heart/campus/v1/page/access/get
[2026-06-05 21:38:26] [INFO]: poeticsoft/heart/campus/v1/page/access/get/(?P<pageid>\d+)
[2026-06-05 21:38:26] [INFO]: poeticsoft/heart/campus/v1/page/access/update
[2026-06-05 21:38:26] [INFO]: poeticsoft/heart/campus/v1/access
[2026-06-05 21:38:26] [INFO]: poeticsoft/heart/campus/v1/identify/subscriber/identify
[2026-06-05 21:38:26] [INFO]: poeticsoft/heart/campus/v1/identify/subscriber/confirmcode
[2026-06-05 21:38:29] [INFO]: poeticsoft/heart/campus/v1/page/access/get
[2026-06-05 21:38:29] [INFO]: poeticsoft/heart/campus/v1/page/access/get/(?P<pageid>\d+)
[2026-06-05 21:38:29] [INFO]: poeticsoft/heart/campus/v1/page/access/update
[2026-06-05 21:38:29] [INFO]: poeticsoft/heart/campus/v1/access
[2026-06-05 21:38:29] [INFO]: poeticsoft/heart/campus/v1/identify/subscriber/identify
[2026-06-05 21:38:29] [INFO]: poeticsoft/heart/campus/v1/identify/subscriber/confirmcode
[2026-06-05 21:38:56] [INFO]: poeticsoft/heart/campus/v1/page/access/get
[2026-06-05 21:38:56] [INFO]: poeticsoft/heart/campus/v1/page/access/get/(?P<pageid>\d+)
[2026-06-05 21:38:56] [INFO]: poeticsoft/heart/campus/v1/page/access/update
[2026-06-05 21:38:56] [INFO]: poeticsoft/heart/campus/v1/access
[2026-06-05 21:38:56] [INFO]: poeticsoft/heart/campus/v1/identify/subscriber/identify
[2026-06-05 21:38:56] [INFO]: poeticsoft/heart/campus/v1/identify/subscriber/confirmcode
[2026-06-05 21:39:05] [INFO]: poeticsoft/heart/campus/v1/page/access/get
[2026-06-05 21:39:05] [INFO]: poeticsoft/heart/campus/v1/page/access/get/(?P<pageid>\d+)
[2026-06-05 21:39:05] [INFO]: poeticsoft/heart/campus/v1/page/access/update
[2026-06-05 21:39:05] [INFO]: poeticsoft/heart/campus/v1/access
[2026-06-05 21:39:05] [INFO]: poeticsoft/heart/campus/v1/identify/subscriber/identify
[2026-06-05 21:39:05] [INFO]: poeticsoft/heart/campus/v1/identify/subscriber/confirmcode
[2026-06-05 21:39:06] [INFO]: poeticsoft/heart/campus/v1/page/access/get
[2026-06-05 21:39:06] [INFO]: poeticsoft/heart/campus/v1/page/access/get/(?P<pageid>\d+)
[2026-06-05 21:39:06] [INFO]: poeticsoft/heart/campus/v1/page/access/update
[2026-06-05 21:39:06] [INFO]: poeticsoft/heart/campus/v1/access
[2026-06-05 21:39:06] [INFO]: poeticsoft/heart/campus/v1/identify/subscriber/identify
[2026-06-05 21:39:06] [INFO]: poeticsoft/heart/campus/v1/identify/subscriber/confirmcode
[2026-06-05 21:39:09] [INFO]: poeticsoft/heart/campus/v1/page/access/get
[2026-06-05 21:39:09] [INFO]: poeticsoft/heart/campus/v1/page/access/get/(?P<pageid>\d+)
[2026-06-05 21:39:09] [INFO]: poeticsoft/heart/campus/v1/page/access/update
[2026-06-05 21:39:09] [INFO]: poeticsoft/heart/campus/v1/access
[2026-06-05 21:39:09] [INFO]: poeticsoft/heart/campus/v1/identify/subscriber/identify
[2026-06-05 21:39:09] [INFO]: poeticsoft/heart/campus/v1/identify/subscriber/confirmcode
[2026-06-05 21:39:36] [INFO]: poeticsoft/heart/campus/v1/page/access/get
[2026-06-05 21:39:36] [INFO]: poeticsoft/heart/campus/v1/page/access/get/(?P<pageid>\d+)
[2026-06-05 21:39:36] [INFO]: poeticsoft/heart/campus/v1/page/access/update
[2026-06-05 21:39:36] [INFO]: poeticsoft/heart/campus/v1/access
[2026-06-05 21:39:36] [INFO]: poeticsoft/heart/campus/v1/identify/subscriber/identify
[2026-06-05 21:39:36] [INFO]: poeticsoft/heart/campus/v1/identify/subscriber/confirmcode
[2026-06-05 21:40:06] [INFO]: poeticsoft/heart/campus/v1/page/access/get
[2026-06-05 21:40:06] [INFO]: poeticsoft/heart/campus/v1/page/access/get/(?P<pageid>\d+)
[2026-06-05 21:40:06] [INFO]: poeticsoft/heart/campus/v1/page/access/update
[2026-06-05 21:40:06] [INFO]: poeticsoft/heart/campus/v1/access
[2026-06-05 21:40:06] [INFO]: poeticsoft/heart/campus/v1/identify/subscriber/identify
[2026-06-05 21:40:06] [INFO]: poeticsoft/heart/campus/v1/identify/subscriber/confirmcode
[2026-06-05 21:40:36] [INFO]: poeticsoft/heart/campus/v1/page/access/get
[2026-06-05 21:40:36] [INFO]: poeticsoft/heart/campus/v1/page/access/get/(?P<pageid>\d+)
[2026-06-05 21:40:36] [INFO]: poeticsoft/heart/campus/v1/page/access/update
[2026-06-05 21:40:36] [INFO]: poeticsoft/heart/campus/v1/access
[2026-06-05 21:40:36] [INFO]: poeticsoft/heart/campus/v1/identify/subscriber/identify
[2026-06-05 21:40:36] [INFO]: poeticsoft/heart/campus/v1/identify/subscriber/confirmcode
[2026-06-05 21:41:06] [INFO]: poeticsoft/heart/campus/v1/page/access/get
[2026-06-05 21:41:06] [INFO]: poeticsoft/heart/campus/v1/page/access/get/(?P<pageid>\d+)
[2026-06-05 21:41:06] [INFO]: poeticsoft/heart/campus/v1/page/access/update
[2026-06-05 21:41:06] [INFO]: poeticsoft/heart/campus/v1/access
[2026-06-05 21:41:06] [INFO]: poeticsoft/heart/campus/v1/identify/subscriber/identify
[2026-06-05 21:41:06] [INFO]: poeticsoft/heart/campus/v1/identify/subscriber/confirmcode
[2026-06-05 21:41:36] [INFO]: poeticsoft/heart/campus/v1/page/access/get
[2026-06-05 21:41:36] [INFO]: poeticsoft/heart/campus/v1/page/access/get/(?P<pageid>\d+)
[2026-06-05 21:41:36] [INFO]: poeticsoft/heart/campus/v1/page/access/update
[2026-06-05 21:41:36] [INFO]: poeticsoft/heart/campus/v1/access
[2026-06-05 21:41:36] [INFO]: poeticsoft/heart/campus/v1/identify/subscriber/identify
[2026-06-05 21:41:36] [INFO]: poeticsoft/heart/campus/v1/identify/subscriber/confirmcode
[2026-06-05 21:42:06] [INFO]: poeticsoft/heart/campus/v1/page/access/get
[2026-06-05 21:42:06] [INFO]: poeticsoft/heart/campus/v1/page/access/get/(?P<pageid>\d+)
[2026-06-05 21:42:06] [INFO]: poeticsoft/heart/campus/v1/page/access/update
[2026-06-05 21:42:06] [INFO]: poeticsoft/heart/campus/v1/access
[2026-06-05 21:42:06] [INFO]: poeticsoft/heart/campus/v1/identify/subscriber/identify
[2026-06-05 21:42:06] [INFO]: poeticsoft/heart/campus/v1/identify/subscriber/confirmcode
[2026-06-05 21:42:36] [INFO]: poeticsoft/heart/campus/v1/page/access/get
[2026-06-05 21:42:36] [INFO]: poeticsoft/heart/campus/v1/page/access/get/(?P<pageid>\d+)
[2026-06-05 21:42:36] [INFO]: poeticsoft/heart/campus/v1/page/access/update
[2026-06-05 21:42:36] [INFO]: poeticsoft/heart/campus/v1/access
[2026-06-05 21:42:36] [INFO]: poeticsoft/heart/campus/v1/identify/subscriber/identify
[2026-06-05 21:42:36] [INFO]: poeticsoft/heart/campus/v1/identify/subscriber/confirmcode
[2026-06-05 21:42:37] [INFO]: poeticsoft/heart/campus/v1/page/access/get
[2026-06-05 21:42:37] [INFO]: poeticsoft/heart/campus/v1/page/access/get/(?P<pageid>\d+)
[2026-06-05 21:42:37] [INFO]: poeticsoft/heart/campus/v1/page/access/update
[2026-06-05 21:42:37] [INFO]: poeticsoft/heart/campus/v1/access
[2026-06-05 21:42:37] [INFO]: poeticsoft/heart/campus/v1/identify/subscriber/identify
[2026-06-05 21:42:37] [INFO]: poeticsoft/heart/campus/v1/identify/subscriber/confirmcode
[2026-06-05 21:42:39] [INFO]: poeticsoft/heart/campus/v1/page/access/get
[2026-06-05 21:42:39] [INFO]: poeticsoft/heart/campus/v1/page/access/get/(?P<pageid>\d+)
[2026-06-05 21:42:39] [INFO]: poeticsoft/heart/campus/v1/page/access/update
[2026-06-05 21:42:39] [INFO]: poeticsoft/heart/campus/v1/access
[2026-06-05 21:42:39] [INFO]: poeticsoft/heart/campus/v1/identify/subscriber/identify
[2026-06-05 21:42:39] [INFO]: poeticsoft/heart/campus/v1/identify/subscriber/confirmcode
[2026-06-05 21:42:39] [INFO]: poeticsoft/heart/campus/v1/page/access/get
[2026-06-05 21:42:39] [INFO]: poeticsoft/heart/campus/v1/page/access/get/(?P<pageid>\d+)
[2026-06-05 21:42:39] [INFO]: poeticsoft/heart/campus/v1/page/access/update
[2026-06-05 21:42:39] [INFO]: poeticsoft/heart/campus/v1/access
[2026-06-05 21:42:39] [INFO]: poeticsoft/heart/campus/v1/identify/subscriber/identify
[2026-06-05 21:42:39] [INFO]: poeticsoft/heart/campus/v1/identify/subscriber/confirmcode
[2026-06-05 21:42:49] [INFO]: poeticsoft/heart/campus/v1/page/access/get
[2026-06-05 21:42:49] [INFO]: poeticsoft/heart/campus/v1/page/access/get/(?P<pageid>\d+)
[2026-06-05 21:42:49] [INFO]: poeticsoft/heart/campus/v1/page/access/update
[2026-06-05 21:42:49] [INFO]: poeticsoft/heart/campus/v1/access
[2026-06-05 21:42:49] [INFO]: poeticsoft/heart/campus/v1/identify/subscriber/identify
[2026-06-05 21:42:49] [INFO]: poeticsoft/heart/campus/v1/identify/subscriber/confirmcode
[2026-06-05 21:43:09] [INFO]: poeticsoft/heart/campus/v1/page/access/get
[2026-06-05 21:43:09] [INFO]: poeticsoft/heart/campus/v1/page/access/get/(?P<pageid>\d+)
[2026-06-05 21:43:09] [INFO]: poeticsoft/heart/campus/v1/page/access/update
[2026-06-05 21:43:09] [INFO]: poeticsoft/heart/campus/v1/access
[2026-06-05 21:43:09] [INFO]: poeticsoft/heart/campus/v1/identify/subscriber/identify
[2026-06-05 21:43:09] [INFO]: poeticsoft/heart/campus/v1/identify/subscriber/confirmcode
[2026-06-05 21:43:39] [INFO]: poeticsoft/heart/campus/v1/page/access/get
[2026-06-05 21:43:39] [INFO]: poeticsoft/heart/campus/v1/page/access/get/(?P<pageid>\d+)
[2026-06-05 21:43:39] [INFO]: poeticsoft/heart/campus/v1/page/access/update
[2026-06-05 21:43:39] [INFO]: poeticsoft/heart/campus/v1/access
[2026-06-05 21:43:39] [INFO]: poeticsoft/heart/campus/v1/identify/subscriber/identify
[2026-06-05 21:43:39] [INFO]: poeticsoft/heart/campus/v1/identify/subscriber/confirmcode
[2026-06-05 21:43:53] [INFO]: poeticsoft/heart/campus/v1/page/access/get
[2026-06-05 21:43:53] [INFO]: poeticsoft/heart/campus/v1/page/access/get/(?P<pageid>\d+)
[2026-06-05 21:43:53] [INFO]: poeticsoft/heart/campus/v1/page/access/update
[2026-06-05 21:43:53] [INFO]: poeticsoft/heart/campus/v1/access
[2026-06-05 21:43:53] [INFO]: poeticsoft/heart/campus/v1/identify/subscriber/identify
[2026-06-05 21:43:53] [INFO]: poeticsoft/heart/campus/v1/identify/subscriber/confirmcode
[2026-06-05 21:43:53] [INFO]: poeticsoft/heart/campus/v1/page/access/get
[2026-06-05 21:43:53] [INFO]: poeticsoft/heart/campus/v1/page/access/get/(?P<pageid>\d+)
[2026-06-05 21:43:53] [INFO]: poeticsoft/heart/campus/v1/page/access/update
[2026-06-05 21:43:53] [INFO]: poeticsoft/heart/campus/v1/access
[2026-06-05 21:43:53] [INFO]: poeticsoft/heart/campus/v1/identify/subscriber/identify
[2026-06-05 21:43:53] [INFO]: poeticsoft/heart/campus/v1/identify/subscriber/confirmcode
[2026-06-05 21:43:56] [INFO]: poeticsoft/heart/campus/v1/page/access/get
[2026-06-05 21:43:56] [INFO]: poeticsoft/heart/campus/v1/page/access/get/(?P<pageid>\d+)
[2026-06-05 21:43:56] [INFO]: poeticsoft/heart/campus/v1/page/access/update
[2026-06-05 21:43:56] [INFO]: poeticsoft/heart/campus/v1/access
[2026-06-05 21:43:56] [INFO]: poeticsoft/heart/campus/v1/identify/subscriber/identify
[2026-06-05 21:43:56] [INFO]: poeticsoft/heart/campus/v1/identify/subscriber/confirmcode
[2026-06-05 21:44:14] [INFO]: poeticsoft/heart/campus/v1/page/access/get
[2026-06-05 21:44:14] [INFO]: poeticsoft/heart/campus/v1/page/access/get/(?P<pageid>\d+)
[2026-06-05 21:44:14] [INFO]: poeticsoft/heart/campus/v1/page/access/update
[2026-06-05 21:44:14] [INFO]: poeticsoft/heart/campus/v1/access
[2026-06-05 21:44:14] [INFO]: poeticsoft/heart/campus/v1/identify/subscriber/identify
[2026-06-05 21:44:14] [INFO]: poeticsoft/heart/campus/v1/identify/subscriber/confirmcode
[2026-06-05 21:44:23] [INFO]: poeticsoft/heart/campus/v1/page/access/get
[2026-06-05 21:44:23] [INFO]: poeticsoft/heart/campus/v1/page/access/get/(?P<pageid>\d+)
[2026-06-05 21:44:23] [INFO]: poeticsoft/heart/campus/v1/page/access/update
[2026-06-05 21:44:23] [INFO]: poeticsoft/heart/campus/v1/access
[2026-06-05 21:44:23] [INFO]: poeticsoft/heart/campus/v1/identify/subscriber/identify
[2026-06-05 21:44:23] [INFO]: poeticsoft/heart/campus/v1/identify/subscriber/confirmcode
[2026-06-05 21:44:53] [INFO]: poeticsoft/heart/campus/v1/page/access/get
[2026-06-05 21:44:53] [INFO]: poeticsoft/heart/campus/v1/page/access/get/(?P<pageid>\d+)
[2026-06-05 21:44:53] [INFO]: poeticsoft/heart/campus/v1/page/access/update
[2026-06-05 21:44:53] [INFO]: poeticsoft/heart/campus/v1/access
[2026-06-05 21:44:53] [INFO]: poeticsoft/heart/campus/v1/identify/subscriber/identify
[2026-06-05 21:44:53] [INFO]: poeticsoft/heart/campus/v1/identify/subscriber/confirmcode
[2026-06-05 21:45:54] [INFO]: poeticsoft/heart/campus/v1/page/access/get
[2026-06-05 21:45:54] [INFO]: poeticsoft/heart/campus/v1/page/access/get/(?P<pageid>\d+)
[2026-06-05 21:45:54] [INFO]: poeticsoft/heart/campus/v1/page/access/update
[2026-06-05 21:45:54] [INFO]: poeticsoft/heart/campus/v1/access
[2026-06-05 21:45:54] [INFO]: poeticsoft/heart/campus/v1/identify/subscriber/identify
[2026-06-05 21:45:54] [INFO]: poeticsoft/heart/campus/v1/identify/subscriber/confirmcode
[2026-06-05 21:46:24] [INFO]: poeticsoft/heart/campus/v1/page/access/get
[2026-06-05 21:46:24] [INFO]: poeticsoft/heart/campus/v1/page/access/get/(?P<pageid>\d+)
[2026-06-05 21:46:24] [INFO]: poeticsoft/heart/campus/v1/page/access/update
[2026-06-05 21:46:24] [INFO]: poeticsoft/heart/campus/v1/access
[2026-06-05 21:46:24] [INFO]: poeticsoft/heart/campus/v1/identify/subscriber/identify
[2026-06-05 21:46:24] [INFO]: poeticsoft/heart/campus/v1/identify/subscriber/confirmcode
[2026-06-05 21:46:54] [INFO]: poeticsoft/heart/campus/v1/page/access/get
[2026-06-05 21:46:54] [INFO]: poeticsoft/heart/campus/v1/page/access/get/(?P<pageid>\d+)
[2026-06-05 21:46:54] [INFO]: poeticsoft/heart/campus/v1/page/access/update
[2026-06-05 21:46:54] [INFO]: poeticsoft/heart/campus/v1/access
[2026-06-05 21:46:54] [INFO]: poeticsoft/heart/campus/v1/identify/subscriber/identify
[2026-06-05 21:46:54] [INFO]: poeticsoft/heart/campus/v1/identify/subscriber/confirmcode
[2026-06-05 21:47:24] [INFO]: poeticsoft/heart/campus/v1/page/access/get
[2026-06-05 21:47:24] [INFO]: poeticsoft/heart/campus/v1/page/access/get/(?P<pageid>\d+)
[2026-06-05 21:47:24] [INFO]: poeticsoft/heart/campus/v1/page/access/update
[2026-06-05 21:47:24] [INFO]: poeticsoft/heart/campus/v1/access
[2026-06-05 21:47:24] [INFO]: poeticsoft/heart/campus/v1/identify/subscriber/identify
[2026-06-05 21:47:24] [INFO]: poeticsoft/heart/campus/v1/identify/subscriber/confirmcode
[2026-06-05 21:47:54] [INFO]: poeticsoft/heart/campus/v1/page/access/get
[2026-06-05 21:47:54] [INFO]: poeticsoft/heart/campus/v1/page/access/get/(?P<pageid>\d+)
[2026-06-05 21:47:54] [INFO]: poeticsoft/heart/campus/v1/page/access/update
[2026-06-05 21:47:54] [INFO]: poeticsoft/heart/campus/v1/access
[2026-06-05 21:47:54] [INFO]: poeticsoft/heart/campus/v1/identify/subscriber/identify
[2026-06-05 21:47:54] [INFO]: poeticsoft/heart/campus/v1/identify/subscriber/confirmcode
[2026-06-05 21:48:24] [INFO]: poeticsoft/heart/campus/v1/page/access/get
[2026-06-05 21:48:24] [INFO]: poeticsoft/heart/campus/v1/page/access/get/(?P<pageid>\d+)
[2026-06-05 21:48:24] [INFO]: poeticsoft/heart/campus/v1/page/access/update
[2026-06-05 21:48:24] [INFO]: poeticsoft/heart/campus/v1/access
[2026-06-05 21:48:24] [INFO]: poeticsoft/heart/campus/v1/identify/subscriber/identify
[2026-06-05 21:48:24] [INFO]: poeticsoft/heart/campus/v1/identify/subscriber/confirmcode
[2026-06-05 21:48:54] [INFO]: poeticsoft/heart/campus/v1/page/access/get
[2026-06-05 21:48:54] [INFO]: poeticsoft/heart/campus/v1/page/access/get/(?P<pageid>\d+)
[2026-06-05 21:48:54] [INFO]: poeticsoft/heart/campus/v1/page/access/update
[2026-06-05 21:48:54] [INFO]: poeticsoft/heart/campus/v1/access
[2026-06-05 21:48:54] [INFO]: poeticsoft/heart/campus/v1/identify/subscriber/identify
[2026-06-05 21:48:54] [INFO]: poeticsoft/heart/campus/v1/identify/subscriber/confirmcode
[2026-06-05 21:49:24] [INFO]: poeticsoft/heart/campus/v1/page/access/get
[2026-06-05 21:49:24] [INFO]: poeticsoft/heart/campus/v1/page/access/get/(?P<pageid>\d+)
[2026-06-05 21:49:24] [INFO]: poeticsoft/heart/campus/v1/page/access/update
[2026-06-05 21:49:24] [INFO]: poeticsoft/heart/campus/v1/access
[2026-06-05 21:49:24] [INFO]: poeticsoft/heart/campus/v1/identify/subscriber/identify
[2026-06-05 21:49:24] [INFO]: poeticsoft/heart/campus/v1/identify/subscriber/confirmcode
[2026-06-05 21:49:54] [INFO]: poeticsoft/heart/campus/v1/page/access/get
[2026-06-05 21:49:54] [INFO]: poeticsoft/heart/campus/v1/page/access/get/(?P<pageid>\d+)
[2026-06-05 21:49:54] [INFO]: poeticsoft/heart/campus/v1/page/access/update
[2026-06-05 21:49:54] [INFO]: poeticsoft/heart/campus/v1/access
[2026-06-05 21:49:54] [INFO]: poeticsoft/heart/campus/v1/identify/subscriber/identify
[2026-06-05 21:49:54] [INFO]: poeticsoft/heart/campus/v1/identify/subscriber/confirmcode
[2026-06-05 21:50:24] [INFO]: poeticsoft/heart/campus/v1/page/access/get
[2026-06-05 21:50:24] [INFO]: poeticsoft/heart/campus/v1/page/access/get/(?P<pageid>\d+)
[2026-06-05 21:50:24] [INFO]: poeticsoft/heart/campus/v1/page/access/update
[2026-06-05 21:50:24] [INFO]: poeticsoft/heart/campus/v1/access
[2026-06-05 21:50:24] [INFO]: poeticsoft/heart/campus/v1/identify/subscriber/identify
[2026-06-05 21:50:24] [INFO]: poeticsoft/heart/campus/v1/identify/subscriber/confirmcode
[2026-06-05 21:50:54] [INFO]: poeticsoft/heart/campus/v1/page/access/get
[2026-06-05 21:50:54] [INFO]: poeticsoft/heart/campus/v1/page/access/get/(?P<pageid>\d+)
[2026-06-05 21:50:54] [INFO]: poeticsoft/heart/campus/v1/page/access/update
[2026-06-05 21:50:54] [INFO]: poeticsoft/heart/campus/v1/access
[2026-06-05 21:50:54] [INFO]: poeticsoft/heart/campus/v1/identify/subscriber/identify
[2026-06-05 21:50:54] [INFO]: poeticsoft/heart/campus/v1/identify/subscriber/confirmcode
[2026-06-05 21:52:39] [INFO]: poeticsoft/heart/campus/v1/page/access/get
[2026-06-05 21:52:39] [INFO]: poeticsoft/heart/campus/v1/page/access/get/(?P<pageid>\d+)
[2026-06-05 21:52:39] [INFO]: poeticsoft/heart/campus/v1/page/access/update
[2026-06-05 21:52:39] [INFO]: poeticsoft/heart/campus/v1/access
[2026-06-05 21:52:39] [INFO]: poeticsoft/heart/campus/v1/identify/subscriber/identify
[2026-06-05 21:52:39] [INFO]: poeticsoft/heart/campus/v1/identify/subscriber/confirmcode
[2026-06-05 21:53:03] [INFO]: poeticsoft/heart/campus/v1/page/access/get
[2026-06-05 21:53:03] [INFO]: poeticsoft/heart/campus/v1/page/access/get/(?P<pageid>\d+)
[2026-06-05 21:53:03] [INFO]: poeticsoft/heart/campus/v1/page/access/update
[2026-06-05 21:53:03] [INFO]: poeticsoft/heart/campus/v1/access
[2026-06-05 21:53:03] [INFO]: poeticsoft/heart/campus/v1/identify/subscriber/identify
[2026-06-05 21:53:03] [INFO]: poeticsoft/heart/campus/v1/identify/subscriber/confirmcode
[2026-06-05 21:53:07] [INFO]: poeticsoft/heart/campus/v1/page/access/get
[2026-06-05 21:53:07] [INFO]: poeticsoft/heart/campus/v1/page/access/get/(?P<pageid>\d+)
[2026-06-05 21:53:07] [INFO]: poeticsoft/heart/campus/v1/page/access/update
[2026-06-05 21:53:07] [INFO]: poeticsoft/heart/campus/v1/access
[2026-06-05 21:53:07] [INFO]: poeticsoft/heart/campus/v1/identify/subscriber/identify
[2026-06-05 21:53:07] [INFO]: poeticsoft/heart/campus/v1/identify/subscriber/confirmcode
[2026-06-05 21:53:37] [INFO]: poeticsoft/heart/campus/v1/page/access/get
[2026-06-05 21:53:37] [INFO]: poeticsoft/heart/campus/v1/page/access/get/(?P<pageid>\d+)
[2026-06-05 21:53:37] [INFO]: poeticsoft/heart/campus/v1/page/access/update
[2026-06-05 21:53:37] [INFO]: poeticsoft/heart/campus/v1/access
[2026-06-05 21:53:37] [INFO]: poeticsoft/heart/campus/v1/identify/subscriber/identify
[2026-06-05 21:53:37] [INFO]: poeticsoft/heart/campus/v1/identify/subscriber/confirmcode
[2026-06-05 21:54:07] [INFO]: poeticsoft/heart/campus/v1/page/access/get
[2026-06-05 21:54:07] [INFO]: poeticsoft/heart/campus/v1/page/access/get/(?P<pageid>\d+)
[2026-06-05 21:54:07] [INFO]: poeticsoft/heart/campus/v1/page/access/update
[2026-06-05 21:54:07] [INFO]: poeticsoft/heart/campus/v1/access
[2026-06-05 21:54:07] [INFO]: poeticsoft/heart/campus/v1/identify/subscriber/identify
[2026-06-05 21:54:07] [INFO]: poeticsoft/heart/campus/v1/identify/subscriber/confirmcode
[2026-06-05 21:58:49] [INFO]: poeticsoft/heart/campus/v1/page/access/get
[2026-06-05 21:58:49] [INFO]: poeticsoft/heart/campus/v1/page/access/get/(?P<pageid>\d+)
[2026-06-05 21:58:49] [INFO]: poeticsoft/heart/campus/v1/page/access/update
[2026-06-05 21:58:49] [INFO]: poeticsoft/heart/campus/v1/access
[2026-06-05 21:58:49] [INFO]: poeticsoft/heart/campus/v1/identify/subscriber/identify
[2026-06-05 21:58:49] [INFO]: poeticsoft/heart/campus/v1/identify/subscriber/confirmcode
[2026-06-05 21:58:56] [INFO]: poeticsoft/heart/campus/v1/page/access/get
[2026-06-05 21:58:56] [INFO]: poeticsoft/heart/campus/v1/page/access/get/(?P<pageid>\d+)
[2026-06-05 21:58:56] [INFO]: poeticsoft/heart/campus/v1/page/access/update
[2026-06-05 21:58:56] [INFO]: poeticsoft/heart/campus/v1/access
[2026-06-05 21:58:56] [INFO]: poeticsoft/heart/campus/v1/identify/subscriber/identify
[2026-06-05 21:58:56] [INFO]: poeticsoft/heart/campus/v1/identify/subscriber/confirmcode
[2026-06-05 21:59:01] [INFO]: poeticsoft/heart/campus/v1/page/access/get
[2026-06-05 21:59:01] [INFO]: poeticsoft/heart/campus/v1/page/access/get/(?P<pageid>\d+)
[2026-06-05 21:59:01] [INFO]: poeticsoft/heart/campus/v1/page/access/update
[2026-06-05 21:59:01] [INFO]: poeticsoft/heart/campus/v1/access
[2026-06-05 21:59:01] [INFO]: poeticsoft/heart/campus/v1/identify/subscriber/identify
[2026-06-05 21:59:01] [INFO]: poeticsoft/heart/campus/v1/identify/subscriber/confirmcode
[2026-06-05 21:59:01] [INFO]: poeticsoft/heart/campus/v1/page/access/get
[2026-06-05 21:59:01] [INFO]: poeticsoft/heart/campus/v1/page/access/get/(?P<pageid>\d+)
[2026-06-05 21:59:01] [INFO]: poeticsoft/heart/campus/v1/page/access/update
[2026-06-05 21:59:01] [INFO]: poeticsoft/heart/campus/v1/access
[2026-06-05 21:59:01] [INFO]: poeticsoft/heart/campus/v1/identify/subscriber/identify
[2026-06-05 21:59:01] [INFO]: poeticsoft/heart/campus/v1/identify/subscriber/confirmcode
[2026-06-05 21:59:31] [INFO]: poeticsoft/heart/campus/v1/page/access/get
[2026-06-05 21:59:31] [INFO]: poeticsoft/heart/campus/v1/page/access/get/(?P<pageid>\d+)
[2026-06-05 21:59:31] [INFO]: poeticsoft/heart/campus/v1/page/access/update
[2026-06-05 21:59:31] [INFO]: poeticsoft/heart/campus/v1/access
[2026-06-05 21:59:31] [INFO]: poeticsoft/heart/campus/v1/identify/subscriber/identify
[2026-06-05 21:59:31] [INFO]: poeticsoft/heart/campus/v1/identify/subscriber/confirmcode
[2026-06-05 21:59:54] [INFO]: poeticsoft/heart/campus/v1/page/access/get
[2026-06-05 21:59:54] [INFO]: poeticsoft/heart/campus/v1/page/access/get/(?P<pageid>\d+)
[2026-06-05 21:59:54] [INFO]: poeticsoft/heart/campus/v1/page/access/update
[2026-06-05 21:59:54] [INFO]: poeticsoft/heart/campus/v1/access
[2026-06-05 21:59:54] [INFO]: poeticsoft/heart/campus/v1/identify/subscriber/identify
[2026-06-05 21:59:54] [INFO]: poeticsoft/heart/campus/v1/identify/subscriber/confirmcode
[2026-06-05 21:59:54] [INFO]: poeticsoft/heart/campus/v1/page/access/get
[2026-06-05 21:59:54] [INFO]: poeticsoft/heart/campus/v1/page/access/get/(?P<pageid>\d+)
[2026-06-05 21:59:54] [INFO]: poeticsoft/heart/campus/v1/page/access/update
[2026-06-05 21:59:54] [INFO]: poeticsoft/heart/campus/v1/access
[2026-06-05 21:59:54] [INFO]: poeticsoft/heart/campus/v1/identify/subscriber/identify
[2026-06-05 21:59:54] [INFO]: poeticsoft/heart/campus/v1/identify/subscriber/confirmcode
[2026-06-05 22:00:24] [INFO]: poeticsoft/heart/campus/v1/page/access/get
[2026-06-05 22:00:24] [INFO]: poeticsoft/heart/campus/v1/page/access/get/(?P<pageid>\d+)
[2026-06-05 22:00:24] [INFO]: poeticsoft/heart/campus/v1/page/access/update
[2026-06-05 22:00:24] [INFO]: poeticsoft/heart/campus/v1/access
[2026-06-05 22:00:24] [INFO]: poeticsoft/heart/campus/v1/identify/subscriber/identify
[2026-06-05 22:00:24] [INFO]: poeticsoft/heart/campus/v1/identify/subscriber/confirmcode
[2026-06-05 22:00:54] [INFO]: poeticsoft/heart/campus/v1/page/access/get
[2026-06-05 22:00:54] [INFO]: poeticsoft/heart/campus/v1/page/access/get/(?P<pageid>\d+)
[2026-06-05 22:00:54] [INFO]: poeticsoft/heart/campus/v1/page/access/update
[2026-06-05 22:00:54] [INFO]: poeticsoft/heart/campus/v1/access
[2026-06-05 22:00:54] [INFO]: poeticsoft/heart/campus/v1/identify/subscriber/identify
[2026-06-05 22:00:54] [INFO]: poeticsoft/heart/campus/v1/identify/subscriber/confirmcode
[2026-06-05 22:01:24] [INFO]: poeticsoft/heart/campus/v1/page/access/get
[2026-06-05 22:01:24] [INFO]: poeticsoft/heart/campus/v1/page/access/get/(?P<pageid>\d+)
[2026-06-05 22:01:24] [INFO]: poeticsoft/heart/campus/v1/page/access/update
[2026-06-05 22:01:24] [INFO]: poeticsoft/heart/campus/v1/access
[2026-06-05 22:01:24] [INFO]: poeticsoft/heart/campus/v1/identify/subscriber/identify
[2026-06-05 22:01:24] [INFO]: poeticsoft/heart/campus/v1/identify/subscriber/confirmcode
[2026-06-05 22:01:54] [INFO]: poeticsoft/heart/campus/v1/page/access/get
[2026-06-05 22:01:54] [INFO]: poeticsoft/heart/campus/v1/page/access/get/(?P<pageid>\d+)
[2026-06-05 22:01:54] [INFO]: poeticsoft/heart/campus/v1/page/access/update
[2026-06-05 22:01:54] [INFO]: poeticsoft/heart/campus/v1/access
[2026-06-05 22:01:54] [INFO]: poeticsoft/heart/campus/v1/identify/subscriber/identify
[2026-06-05 22:01:54] [INFO]: poeticsoft/heart/campus/v1/identify/subscriber/confirmcode
[2026-06-05 22:02:24] [INFO]: poeticsoft/heart/campus/v1/page/access/get
[2026-06-05 22:02:24] [INFO]: poeticsoft/heart/campus/v1/page/access/get/(?P<pageid>\d+)
[2026-06-05 22:02:24] [INFO]: poeticsoft/heart/campus/v1/page/access/update
[2026-06-05 22:02:24] [INFO]: poeticsoft/heart/campus/v1/access
[2026-06-05 22:02:24] [INFO]: poeticsoft/heart/campus/v1/identify/subscriber/identify
[2026-06-05 22:02:24] [INFO]: poeticsoft/heart/campus/v1/identify/subscriber/confirmcode
[2026-06-05 22:02:54] [INFO]: poeticsoft/heart/campus/v1/page/access/get
[2026-06-05 22:02:54] [INFO]: poeticsoft/heart/campus/v1/page/access/get/(?P<pageid>\d+)
[2026-06-05 22:02:54] [INFO]: poeticsoft/heart/campus/v1/page/access/update
[2026-06-05 22:02:54] [INFO]: poeticsoft/heart/campus/v1/access
[2026-06-05 22:02:54] [INFO]: poeticsoft/heart/campus/v1/identify/subscriber/identify
[2026-06-05 22:02:54] [INFO]: poeticsoft/heart/campus/v1/identify/subscriber/confirmcode
[2026-06-05 22:03:24] [INFO]: poeticsoft/heart/campus/v1/page/access/get
[2026-06-05 22:03:24] [INFO]: poeticsoft/heart/campus/v1/page/access/get/(?P<pageid>\d+)
[2026-06-05 22:03:24] [INFO]: poeticsoft/heart/campus/v1/page/access/update
[2026-06-05 22:03:24] [INFO]: poeticsoft/heart/campus/v1/access
[2026-06-05 22:03:24] [INFO]: poeticsoft/heart/campus/v1/identify/subscriber/identify
[2026-06-05 22:03:24] [INFO]: poeticsoft/heart/campus/v1/identify/subscriber/confirmcode
[2026-06-05 22:03:54] [INFO]: poeticsoft/heart/campus/v1/page/access/get
[2026-06-05 22:03:54] [INFO]: poeticsoft/heart/campus/v1/page/access/get/(?P<pageid>\d+)
[2026-06-05 22:03:54] [INFO]: poeticsoft/heart/campus/v1/page/access/update
[2026-06-05 22:03:54] [INFO]: poeticsoft/heart/campus/v1/access
[2026-06-05 22:03:54] [INFO]: poeticsoft/heart/campus/v1/identify/subscriber/identify
[2026-06-05 22:03:54] [INFO]: poeticsoft/heart/campus/v1/identify/subscriber/confirmcode
[2026-06-05 22:04:24] [INFO]: poeticsoft/heart/campus/v1/page/access/get
[2026-06-05 22:04:24] [INFO]: poeticsoft/heart/campus/v1/page/access/get/(?P<pageid>\d+)
[2026-06-05 22:04:24] [INFO]: poeticsoft/heart/campus/v1/page/access/update
[2026-06-05 22:04:24] [INFO]: poeticsoft/heart/campus/v1/access
[2026-06-05 22:04:24] [INFO]: poeticsoft/heart/campus/v1/identify/subscriber/identify
[2026-06-05 22:04:24] [INFO]: poeticsoft/heart/campus/v1/identify/subscriber/confirmcode
[2026-06-05 22:04:54] [INFO]: poeticsoft/heart/campus/v1/page/access/get
[2026-06-05 22:04:54] [INFO]: poeticsoft/heart/campus/v1/page/access/get/(?P<pageid>\d+)
[2026-06-05 22:04:54] [INFO]: poeticsoft/heart/campus/v1/page/access/update
[2026-06-05 22:04:54] [INFO]: poeticsoft/heart/campus/v1/access
[2026-06-05 22:04:54] [INFO]: poeticsoft/heart/campus/v1/identify/subscriber/identify
[2026-06-05 22:04:54] [INFO]: poeticsoft/heart/campus/v1/identify/subscriber/confirmcode
[2026-06-05 22:05:24] [INFO]: poeticsoft/heart/campus/v1/page/access/get
[2026-06-05 22:05:24] [INFO]: poeticsoft/heart/campus/v1/page/access/get/(?P<pageid>\d+)
[2026-06-05 22:05:24] [INFO]: poeticsoft/heart/campus/v1/page/access/update
[2026-06-05 22:05:24] [INFO]: poeticsoft/heart/campus/v1/access
[2026-06-05 22:05:24] [INFO]: poeticsoft/heart/campus/v1/identify/subscriber/identify
[2026-06-05 22:05:24] [INFO]: poeticsoft/heart/campus/v1/identify/subscriber/confirmcode
[2026-06-05 22:05:54] [INFO]: poeticsoft/heart/campus/v1/page/access/get
[2026-06-05 22:05:54] [INFO]: poeticsoft/heart/campus/v1/page/access/get/(?P<pageid>\d+)
[2026-06-05 22:05:54] [INFO]: poeticsoft/heart/campus/v1/page/access/update
[2026-06-05 22:05:54] [INFO]: poeticsoft/heart/campus/v1/access
[2026-06-05 22:05:54] [INFO]: poeticsoft/heart/campus/v1/identify/subscriber/identify
[2026-06-05 22:05:54] [INFO]: poeticsoft/heart/campus/v1/identify/subscriber/confirmcode
[2026-06-05 22:06:24] [INFO]: poeticsoft/heart/campus/v1/page/access/get
[2026-06-05 22:06:24] [INFO]: poeticsoft/heart/campus/v1/page/access/get/(?P<pageid>\d+)
[2026-06-05 22:06:24] [INFO]: poeticsoft/heart/campus/v1/page/access/update
[2026-06-05 22:06:24] [INFO]: poeticsoft/heart/campus/v1/access
[2026-06-05 22:06:24] [INFO]: poeticsoft/heart/campus/v1/identify/subscriber/identify
[2026-06-05 22:06:24] [INFO]: poeticsoft/heart/campus/v1/identify/subscriber/confirmcode
[2026-06-05 22:06:55] [INFO]: poeticsoft/heart/campus/v1/page/access/get
[2026-06-05 22:06:55] [INFO]: poeticsoft/heart/campus/v1/page/access/get/(?P<pageid>\d+)
[2026-06-05 22:06:55] [INFO]: poeticsoft/heart/campus/v1/page/access/update
[2026-06-05 22:06:55] [INFO]: poeticsoft/heart/campus/v1/access
[2026-06-05 22:06:55] [INFO]: poeticsoft/heart/campus/v1/identify/subscriber/identify
[2026-06-05 22:06:55] [INFO]: poeticsoft/heart/campus/v1/identify/subscriber/confirmcode
[2026-06-05 22:06:59] [INFO]: poeticsoft/heart/campus/v1/page/access/get
[2026-06-05 22:06:59] [INFO]: poeticsoft/heart/campus/v1/page/access/get/(?P<pageid>\d+)
[2026-06-05 22:06:59] [INFO]: poeticsoft/heart/campus/v1/page/access/update
[2026-06-05 22:06:59] [INFO]: poeticsoft/heart/campus/v1/access
[2026-06-05 22:06:59] [INFO]: poeticsoft/heart/campus/v1/identify/subscriber/identify
[2026-06-05 22:06:59] [INFO]: poeticsoft/heart/campus/v1/identify/subscriber/confirmcode
[2026-06-05 22:06:59] [INFO]: poeticsoft/heart/campus/v1/page/access/get
[2026-06-05 22:06:59] [INFO]: poeticsoft/heart/campus/v1/page/access/get/(?P<pageid>\d+)
[2026-06-05 22:06:59] [INFO]: poeticsoft/heart/campus/v1/page/access/update
[2026-06-05 22:06:59] [INFO]: poeticsoft/heart/campus/v1/access
[2026-06-05 22:06:59] [INFO]: poeticsoft/heart/campus/v1/identify/subscriber/identify
[2026-06-05 22:06:59] [INFO]: poeticsoft/heart/campus/v1/identify/subscriber/confirmcode
[2026-06-05 22:07:29] [INFO]: poeticsoft/heart/campus/v1/page/access/get
[2026-06-05 22:07:29] [INFO]: poeticsoft/heart/campus/v1/page/access/get/(?P<pageid>\d+)
[2026-06-05 22:07:29] [INFO]: poeticsoft/heart/campus/v1/page/access/update
[2026-06-05 22:07:29] [INFO]: poeticsoft/heart/campus/v1/access
[2026-06-05 22:07:29] [INFO]: poeticsoft/heart/campus/v1/identify/subscriber/identify
[2026-06-05 22:07:29] [INFO]: poeticsoft/heart/campus/v1/identify/subscriber/confirmcode
[2026-06-05 22:07:39] [INFO]: poeticsoft/heart/campus/v1/page/access/get
[2026-06-05 22:07:39] [INFO]: poeticsoft/heart/campus/v1/page/access/get/(?P<pageid>\d+)
[2026-06-05 22:07:39] [INFO]: poeticsoft/heart/campus/v1/page/access/update
[2026-06-05 22:07:39] [INFO]: poeticsoft/heart/campus/v1/access
[2026-06-05 22:07:39] [INFO]: poeticsoft/heart/campus/v1/identify/subscriber/identify
[2026-06-05 22:07:39] [INFO]: poeticsoft/heart/campus/v1/identify/subscriber/confirmcode
[2026-06-05 22:07:40] [INFO]: poeticsoft/heart/campus/v1/page/access/get
[2026-06-05 22:07:40] [INFO]: poeticsoft/heart/campus/v1/page/access/get/(?P<pageid>\d+)
[2026-06-05 22:07:40] [INFO]: poeticsoft/heart/campus/v1/page/access/update
[2026-06-05 22:07:40] [INFO]: poeticsoft/heart/campus/v1/access
[2026-06-05 22:07:40] [INFO]: poeticsoft/heart/campus/v1/identify/subscriber/identify
[2026-06-05 22:07:40] [INFO]: poeticsoft/heart/campus/v1/identify/subscriber/confirmcode
[2026-06-05 22:08:10] [INFO]: poeticsoft/heart/campus/v1/page/access/get
[2026-06-05 22:08:10] [INFO]: poeticsoft/heart/campus/v1/page/access/get/(?P<pageid>\d+)
[2026-06-05 22:08:10] [INFO]: poeticsoft/heart/campus/v1/page/access/update
[2026-06-05 22:08:10] [INFO]: poeticsoft/heart/campus/v1/access
[2026-06-05 22:08:10] [INFO]: poeticsoft/heart/campus/v1/identify/subscriber/identify
[2026-06-05 22:08:10] [INFO]: poeticsoft/heart/campus/v1/identify/subscriber/confirmcode
[2026-06-05 22:08:40] [INFO]: poeticsoft/heart/campus/v1/page/access/get
[2026-06-05 22:08:40] [INFO]: poeticsoft/heart/campus/v1/page/access/get/(?P<pageid>\d+)
[2026-06-05 22:08:40] [INFO]: poeticsoft/heart/campus/v1/page/access/update
[2026-06-05 22:08:40] [INFO]: poeticsoft/heart/campus/v1/access
[2026-06-05 22:08:40] [INFO]: poeticsoft/heart/campus/v1/identify/subscriber/identify
[2026-06-05 22:08:40] [INFO]: poeticsoft/heart/campus/v1/identify/subscriber/confirmcode
[2026-06-05 22:09:10] [INFO]: poeticsoft/heart/campus/v1/page/access/get
[2026-06-05 22:09:10] [INFO]: poeticsoft/heart/campus/v1/page/access/get/(?P<pageid>\d+)
[2026-06-05 22:09:10] [INFO]: poeticsoft/heart/campus/v1/page/access/update
[2026-06-05 22:09:10] [INFO]: poeticsoft/heart/campus/v1/access
[2026-06-05 22:09:10] [INFO]: poeticsoft/heart/campus/v1/identify/subscriber/identify
[2026-06-05 22:09:10] [INFO]: poeticsoft/heart/campus/v1/identify/subscriber/confirmcode
[2026-06-05 22:09:40] [INFO]: poeticsoft/heart/campus/v1/page/access/get
[2026-06-05 22:09:40] [INFO]: poeticsoft/heart/campus/v1/page/access/get/(?P<pageid>\d+)
[2026-06-05 22:09:40] [INFO]: poeticsoft/heart/campus/v1/page/access/update
[2026-06-05 22:09:40] [INFO]: poeticsoft/heart/campus/v1/access
[2026-06-05 22:09:40] [INFO]: poeticsoft/heart/campus/v1/identify/subscriber/identify
[2026-06-05 22:09:40] [INFO]: poeticsoft/heart/campus/v1/identify/subscriber/confirmcode
[2026-06-05 22:10:10] [INFO]: poeticsoft/heart/campus/v1/page/access/get
[2026-06-05 22:10:10] [INFO]: poeticsoft/heart/campus/v1/page/access/get/(?P<pageid>\d+)
[2026-06-05 22:10:10] [INFO]: poeticsoft/heart/campus/v1/page/access/update
[2026-06-05 22:10:10] [INFO]: poeticsoft/heart/campus/v1/access
[2026-06-05 22:10:10] [INFO]: poeticsoft/heart/campus/v1/identify/subscriber/identify
[2026-06-05 22:10:10] [INFO]: poeticsoft/heart/campus/v1/identify/subscriber/confirmcode
[2026-06-05 22:11:37] [INFO]: poeticsoft/heart/campus/v1/page/access/get
[2026-06-05 22:11:37] [INFO]: poeticsoft/heart/campus/v1/page/access/get/(?P<pageid>\d+)
[2026-06-05 22:11:37] [INFO]: poeticsoft/heart/campus/v1/page/access/update
[2026-06-05 22:11:37] [INFO]: poeticsoft/heart/campus/v1/access
[2026-06-05 22:11:37] [INFO]: poeticsoft/heart/campus/v1/identify/subscriber/identify
[2026-06-05 22:11:37] [INFO]: poeticsoft/heart/campus/v1/identify/subscriber/confirmcode
[2026-06-05 22:12:07] [INFO]: poeticsoft/heart/campus/v1/page/access/get
[2026-06-05 22:12:07] [INFO]: poeticsoft/heart/campus/v1/page/access/get/(?P<pageid>\d+)
[2026-06-05 22:12:07] [INFO]: poeticsoft/heart/campus/v1/page/access/update
[2026-06-05 22:12:07] [INFO]: poeticsoft/heart/campus/v1/access
[2026-06-05 22:12:07] [INFO]: poeticsoft/heart/campus/v1/identify/subscriber/identify
[2026-06-05 22:12:07] [INFO]: poeticsoft/heart/campus/v1/identify/subscriber/confirmcode
[2026-06-05 22:12:37] [INFO]: poeticsoft/heart/campus/v1/page/access/get
[2026-06-05 22:12:37] [INFO]: poeticsoft/heart/campus/v1/page/access/get/(?P<pageid>\d+)
[2026-06-05 22:12:37] [INFO]: poeticsoft/heart/campus/v1/page/access/update
[2026-06-05 22:12:37] [INFO]: poeticsoft/heart/campus/v1/access
[2026-06-05 22:12:37] [INFO]: poeticsoft/heart/campus/v1/identify/subscriber/identify
[2026-06-05 22:12:37] [INFO]: poeticsoft/heart/campus/v1/identify/subscriber/confirmcode
[2026-06-05 22:13:07] [INFO]: poeticsoft/heart/campus/v1/page/access/get
[2026-06-05 22:13:07] [INFO]: poeticsoft/heart/campus/v1/page/access/get/(?P<pageid>\d+)
[2026-06-05 22:13:07] [INFO]: poeticsoft/heart/campus/v1/page/access/update
[2026-06-05 22:13:07] [INFO]: poeticsoft/heart/campus/v1/access
[2026-06-05 22:13:07] [INFO]: poeticsoft/heart/campus/v1/identify/subscriber/identify
[2026-06-05 22:13:07] [INFO]: poeticsoft/heart/campus/v1/identify/subscriber/confirmcode
[2026-06-05 22:13:37] [INFO]: poeticsoft/heart/campus/v1/page/access/get
[2026-06-05 22:13:37] [INFO]: poeticsoft/heart/campus/v1/page/access/get/(?P<pageid>\d+)
[2026-06-05 22:13:37] [INFO]: poeticsoft/heart/campus/v1/page/access/update
[2026-06-05 22:13:37] [INFO]: poeticsoft/heart/campus/v1/access
[2026-06-05 22:13:37] [INFO]: poeticsoft/heart/campus/v1/identify/subscriber/identify
[2026-06-05 22:13:37] [INFO]: poeticsoft/heart/campus/v1/identify/subscriber/confirmcode
[2026-06-05 22:14:07] [INFO]: poeticsoft/heart/campus/v1/page/access/get
[2026-06-05 22:14:07] [INFO]: poeticsoft/heart/campus/v1/page/access/get/(?P<pageid>\d+)
[2026-06-05 22:14:07] [INFO]: poeticsoft/heart/campus/v1/page/access/update
[2026-06-05 22:14:07] [INFO]: poeticsoft/heart/campus/v1/access
[2026-06-05 22:14:07] [INFO]: poeticsoft/heart/campus/v1/identify/subscriber/identify
[2026-06-05 22:14:07] [INFO]: poeticsoft/heart/campus/v1/identify/subscriber/confirmcode
[2026-06-05 22:15:55] [INFO]: poeticsoft/heart/campus/v1/page/access/get
[2026-06-05 22:15:55] [INFO]: poeticsoft/heart/campus/v1/page/access/get/(?P<pageid>\d+)
[2026-06-05 22:15:55] [INFO]: poeticsoft/heart/campus/v1/page/access/update
[2026-06-05 22:15:55] [INFO]: poeticsoft/heart/campus/v1/access
[2026-06-05 22:15:55] [INFO]: poeticsoft/heart/campus/v1/identify/subscriber/identify
[2026-06-05 22:15:55] [INFO]: poeticsoft/heart/campus/v1/identify/subscriber/confirmcode
[2026-06-05 22:15:55] [INFO]: poeticsoft/heart/campus/v1/page/access/get
[2026-06-05 22:15:55] [INFO]: poeticsoft/heart/campus/v1/page/access/get/(?P<pageid>\d+)
[2026-06-05 22:15:55] [INFO]: poeticsoft/heart/campus/v1/page/access/update
[2026-06-05 22:15:55] [INFO]: poeticsoft/heart/campus/v1/access
[2026-06-05 22:15:55] [INFO]: poeticsoft/heart/campus/v1/identify/subscriber/identify
[2026-06-05 22:15:55] [INFO]: poeticsoft/heart/campus/v1/identify/subscriber/confirmcode
[2026-06-05 22:16:25] [INFO]: poeticsoft/heart/campus/v1/page/access/get
[2026-06-05 22:16:25] [INFO]: poeticsoft/heart/campus/v1/page/access/get/(?P<pageid>\d+)
[2026-06-05 22:16:25] [INFO]: poeticsoft/heart/campus/v1/page/access/update
[2026-06-05 22:16:25] [INFO]: poeticsoft/heart/campus/v1/access
[2026-06-05 22:16:25] [INFO]: poeticsoft/heart/campus/v1/identify/subscriber/identify
[2026-06-05 22:16:25] [INFO]: poeticsoft/heart/campus/v1/identify/subscriber/confirmcode
[2026-06-05 22:16:55] [INFO]: poeticsoft/heart/campus/v1/page/access/get
[2026-06-05 22:16:55] [INFO]: poeticsoft/heart/campus/v1/page/access/get/(?P<pageid>\d+)
[2026-06-05 22:16:55] [INFO]: poeticsoft/heart/campus/v1/page/access/update
[2026-06-05 22:16:55] [INFO]: poeticsoft/heart/campus/v1/access
[2026-06-05 22:16:55] [INFO]: poeticsoft/heart/campus/v1/identify/subscriber/identify
[2026-06-05 22:16:55] [INFO]: poeticsoft/heart/campus/v1/identify/subscriber/confirmcode
[2026-06-05 22:17:25] [INFO]: poeticsoft/heart/campus/v1/page/access/get
[2026-06-05 22:17:25] [INFO]: poeticsoft/heart/campus/v1/page/access/get/(?P<pageid>\d+)
[2026-06-05 22:17:25] [INFO]: poeticsoft/heart/campus/v1/page/access/update
[2026-06-05 22:17:25] [INFO]: poeticsoft/heart/campus/v1/access
[2026-06-05 22:17:25] [INFO]: poeticsoft/heart/campus/v1/identify/subscriber/identify
[2026-06-05 22:17:25] [INFO]: poeticsoft/heart/campus/v1/identify/subscriber/confirmcode
[2026-06-05 22:17:43] [INFO]: poeticsoft/heart/campus/v1/page/access/get
[2026-06-05 22:17:43] [INFO]: poeticsoft/heart/campus/v1/page/access/get/(?P<pageid>\d+)
[2026-06-05 22:17:43] [INFO]: poeticsoft/heart/campus/v1/page/access/update
[2026-06-05 22:17:43] [INFO]: poeticsoft/heart/campus/v1/access
[2026-06-05 22:17:43] [INFO]: poeticsoft/heart/campus/v1/identify/subscriber/identify
[2026-06-05 22:17:43] [INFO]: poeticsoft/heart/campus/v1/identify/subscriber/confirmcode
[2026-06-05 22:17:43] [INFO]: poeticsoft/heart/campus/v1/page/access/get
[2026-06-05 22:17:43] [INFO]: poeticsoft/heart/campus/v1/page/access/get/(?P<pageid>\d+)
[2026-06-05 22:17:43] [INFO]: poeticsoft/heart/campus/v1/page/access/update
[2026-06-05 22:17:43] [INFO]: poeticsoft/heart/campus/v1/access
[2026-06-05 22:17:43] [INFO]: poeticsoft/heart/campus/v1/identify/subscriber/identify
[2026-06-05 22:17:43] [INFO]: poeticsoft/heart/campus/v1/identify/subscriber/confirmcode
[2026-06-05 22:18:04] [INFO]: poeticsoft/heart/campus/v1/page/access/get
[2026-06-05 22:18:04] [INFO]: poeticsoft/heart/campus/v1/page/access/get/(?P<pageid>\d+)
[2026-06-05 22:18:04] [INFO]: poeticsoft/heart/campus/v1/page/access/update
[2026-06-05 22:18:04] [INFO]: poeticsoft/heart/campus/v1/access
[2026-06-05 22:18:04] [INFO]: poeticsoft/heart/campus/v1/identify/subscriber/identify
[2026-06-05 22:18:04] [INFO]: poeticsoft/heart/campus/v1/identify/subscriber/confirmcode
[2026-06-05 22:18:04] [INFO]: poeticsoft/heart/campus/v1/page/access/get
[2026-06-05 22:18:04] [INFO]: poeticsoft/heart/campus/v1/page/access/get/(?P<pageid>\d+)
[2026-06-05 22:18:04] [INFO]: poeticsoft/heart/campus/v1/page/access/update
[2026-06-05 22:18:04] [INFO]: poeticsoft/heart/campus/v1/access
[2026-06-05 22:18:04] [INFO]: poeticsoft/heart/campus/v1/identify/subscriber/identify
[2026-06-05 22:18:04] [INFO]: poeticsoft/heart/campus/v1/identify/subscriber/confirmcode
[2026-06-05 22:18:34] [INFO]: poeticsoft/heart/campus/v1/page/access/get
[2026-06-05 22:18:34] [INFO]: poeticsoft/heart/campus/v1/page/access/get/(?P<pageid>\d+)
[2026-06-05 22:18:34] [INFO]: poeticsoft/heart/campus/v1/page/access/update
[2026-06-05 22:18:34] [INFO]: poeticsoft/heart/campus/v1/access
[2026-06-05 22:18:34] [INFO]: poeticsoft/heart/campus/v1/identify/subscriber/identify
[2026-06-05 22:18:34] [INFO]: poeticsoft/heart/campus/v1/identify/subscriber/confirmcode
[2026-06-05 22:19:04] [INFO]: poeticsoft/heart/campus/v1/page/access/get
[2026-06-05 22:19:04] [INFO]: poeticsoft/heart/campus/v1/page/access/get/(?P<pageid>\d+)
[2026-06-05 22:19:04] [INFO]: poeticsoft/heart/campus/v1/page/access/update
[2026-06-05 22:19:04] [INFO]: poeticsoft/heart/campus/v1/access
[2026-06-05 22:19:04] [INFO]: poeticsoft/heart/campus/v1/identify/subscriber/identify
[2026-06-05 22:19:04] [INFO]: poeticsoft/heart/campus/v1/identify/subscriber/confirmcode
[2026-06-05 22:19:39] [INFO]: poeticsoft/heart/campus/v1/page/access/get
[2026-06-05 22:19:39] [INFO]: poeticsoft/heart/campus/v1/page/access/get/(?P<pageid>\d+)
[2026-06-05 22:19:39] [INFO]: poeticsoft/heart/campus/v1/page/access/update
[2026-06-05 22:19:39] [INFO]: poeticsoft/heart/campus/v1/access
[2026-06-05 22:19:39] [INFO]: poeticsoft/heart/campus/v1/identify/subscriber/identify
[2026-06-05 22:19:39] [INFO]: poeticsoft/heart/campus/v1/identify/subscriber/confirmcode
[2026-06-05 22:23:53] [INFO]: poeticsoft/heart/campus/v1/page/access/get
[2026-06-05 22:23:53] [INFO]: poeticsoft/heart/campus/v1/page/access/get/(?P<pageid>\d+)
[2026-06-05 22:23:53] [INFO]: poeticsoft/heart/campus/v1/page/access/update
[2026-06-05 22:23:53] [INFO]: poeticsoft/heart/campus/v1/access
[2026-06-05 22:23:53] [INFO]: poeticsoft/heart/campus/v1/identify/subscriber/identify
[2026-06-05 22:23:53] [INFO]: poeticsoft/heart/campus/v1/identify/subscriber/confirmcode
[2026-06-05 22:23:53] [INFO]: poeticsoft/heart/campus/v1/page/access/get
[2026-06-05 22:23:53] [INFO]: poeticsoft/heart/campus/v1/page/access/get/(?P<pageid>\d+)
[2026-06-05 22:23:53] [INFO]: poeticsoft/heart/campus/v1/page/access/update
[2026-06-05 22:23:53] [INFO]: poeticsoft/heart/campus/v1/access
[2026-06-05 22:23:53] [INFO]: poeticsoft/heart/campus/v1/identify/subscriber/identify
[2026-06-05 22:23:53] [INFO]: poeticsoft/heart/campus/v1/identify/subscriber/confirmcode
[2026-06-05 22:24:23] [INFO]: poeticsoft/heart/campus/v1/page/access/get
[2026-06-05 22:24:23] [INFO]: poeticsoft/heart/campus/v1/page/access/get/(?P<pageid>\d+)
[2026-06-05 22:24:23] [INFO]: poeticsoft/heart/campus/v1/page/access/update
[2026-06-05 22:24:23] [INFO]: poeticsoft/heart/campus/v1/access
[2026-06-05 22:24:23] [INFO]: poeticsoft/heart/campus/v1/identify/subscriber/identify
[2026-06-05 22:24:23] [INFO]: poeticsoft/heart/campus/v1/identify/subscriber/confirmcode
[2026-06-05 22:24:53] [INFO]: poeticsoft/heart/campus/v1/page/access/get
[2026-06-05 22:24:53] [INFO]: poeticsoft/heart/campus/v1/page/access/get/(?P<pageid>\d+)
[2026-06-05 22:24:53] [INFO]: poeticsoft/heart/campus/v1/page/access/update
[2026-06-05 22:24:53] [INFO]: poeticsoft/heart/campus/v1/access
[2026-06-05 22:24:53] [INFO]: poeticsoft/heart/campus/v1/identify/subscriber/identify
[2026-06-05 22:24:53] [INFO]: poeticsoft/heart/campus/v1/identify/subscriber/confirmcode
[2026-06-05 22:25:01] [INFO]: poeticsoft/heart/campus/v1/page/access/get
[2026-06-05 22:25:01] [INFO]: poeticsoft/heart/campus/v1/page/access/get/(?P<pageid>\d+)
[2026-06-05 22:25:01] [INFO]: poeticsoft/heart/campus/v1/page/access/update
[2026-06-05 22:25:01] [INFO]: poeticsoft/heart/campus/v1/access
[2026-06-05 22:25:01] [INFO]: poeticsoft/heart/campus/v1/identify/subscriber/identify
[2026-06-05 22:25:01] [INFO]: poeticsoft/heart/campus/v1/identify/subscriber/confirmcode
[2026-06-05 22:25:02] [INFO]: poeticsoft/heart/campus/v1/page/access/get
[2026-06-05 22:25:02] [INFO]: poeticsoft/heart/campus/v1/page/access/get/(?P<pageid>\d+)
[2026-06-05 22:25:02] [INFO]: poeticsoft/heart/campus/v1/page/access/update
[2026-06-05 22:25:02] [INFO]: poeticsoft/heart/campus/v1/access
[2026-06-05 22:25:02] [INFO]: poeticsoft/heart/campus/v1/identify/subscriber/identify
[2026-06-05 22:25:02] [INFO]: poeticsoft/heart/campus/v1/identify/subscriber/confirmcode
[2026-06-05 22:25:26] [INFO]: poeticsoft/heart/campus/v1/page/access/get
[2026-06-05 22:25:26] [INFO]: poeticsoft/heart/campus/v1/page/access/get/(?P<pageid>\d+)
[2026-06-05 22:25:26] [INFO]: poeticsoft/heart/campus/v1/page/access/update
[2026-06-05 22:25:26] [INFO]: poeticsoft/heart/campus/v1/access
[2026-06-05 22:25:26] [INFO]: poeticsoft/heart/campus/v1/identify/subscriber/identify
[2026-06-05 22:25:26] [INFO]: poeticsoft/heart/campus/v1/identify/subscriber/confirmcode
[2026-06-05 22:25:26] [INFO]: poeticsoft/heart/campus/v1/page/access/get
[2026-06-05 22:25:26] [INFO]: poeticsoft/heart/campus/v1/page/access/get/(?P<pageid>\d+)
[2026-06-05 22:25:26] [INFO]: poeticsoft/heart/campus/v1/page/access/update
[2026-06-05 22:25:26] [INFO]: poeticsoft/heart/campus/v1/access
[2026-06-05 22:25:26] [INFO]: poeticsoft/heart/campus/v1/identify/subscriber/identify
[2026-06-05 22:25:26] [INFO]: poeticsoft/heart/campus/v1/identify/subscriber/confirmcode
[2026-06-05 22:25:29] [INFO]: poeticsoft/heart/campus/v1/page/access/get
[2026-06-05 22:25:29] [INFO]: poeticsoft/heart/campus/v1/page/access/get/(?P<pageid>\d+)
[2026-06-05 22:25:29] [INFO]: poeticsoft/heart/campus/v1/page/access/update
[2026-06-05 22:25:29] [INFO]: poeticsoft/heart/campus/v1/access
[2026-06-05 22:25:29] [INFO]: poeticsoft/heart/campus/v1/identify/subscriber/identify
[2026-06-05 22:25:29] [INFO]: poeticsoft/heart/campus/v1/identify/subscriber/confirmcode
[2026-06-05 22:25:29] [INFO]: poeticsoft/heart/campus/v1/page/access/get
[2026-06-05 22:25:29] [INFO]: poeticsoft/heart/campus/v1/page/access/get/(?P<pageid>\d+)
[2026-06-05 22:25:29] [INFO]: poeticsoft/heart/campus/v1/page/access/update
[2026-06-05 22:25:29] [INFO]: poeticsoft/heart/campus/v1/access
[2026-06-05 22:25:29] [INFO]: poeticsoft/heart/campus/v1/identify/subscriber/identify
[2026-06-05 22:25:29] [INFO]: poeticsoft/heart/campus/v1/identify/subscriber/confirmcode
[2026-06-05 22:25:43] [INFO]: poeticsoft/heart/campus/v1/page/access/get
[2026-06-05 22:25:43] [INFO]: poeticsoft/heart/campus/v1/page/access/get/(?P<pageid>\d+)
[2026-06-05 22:25:43] [INFO]: poeticsoft/heart/campus/v1/page/access/update
[2026-06-05 22:25:43] [INFO]: poeticsoft/heart/campus/v1/access
[2026-06-05 22:25:43] [INFO]: poeticsoft/heart/campus/v1/identify/subscriber/identify
[2026-06-05 22:25:43] [INFO]: poeticsoft/heart/campus/v1/identify/subscriber/confirmcode
